<?xml version="1.0" encoding="UTF-8"?>
<!-- Generated by org.testng.reporters.JUnitXMLReporter -->
<testsuite hostname="sdwvpctcs2813" name="Header Footer Navigation - Testing" tests="4" failures="2" timestamp="17 Aug 2016 10:05:05 GMT" time="187.29" errors="0">
  <testcase name="FooterLinksGuestUser" time="35.273" classname="com.test.regression.cub.testscripts.HeaderFooterNavigation">
    <failure type="org.openqa.selenium.TimeoutException" message="Timed out after 30 seconds waiting for visibility of [[ChromeDriver: chrome on XP (13e8a680a7f746d27cb065c8107039ce)] -&amp;gt; xpath: //a[text()=&amp;apos;Careers&amp;apos;]]
Build info: version: &amp;apos;2.53.0&amp;apos;, revision: &amp;apos;35ae25b1534ae328c771e0856c93e187490ca824&amp;apos;, time: &amp;apos;2016-03-15 10:43:46&amp;apos;
System info: host: &amp;apos;sdwvpctcs2813&amp;apos;, ip: &amp;apos;10.15.11.210&amp;apos;, os.name: &amp;apos;Windows 7&amp;apos;, os.arch: &amp;apos;amd64&amp;apos;, os.version: &amp;apos;6.1&amp;apos;, java.version: &amp;apos;1.8.0_91&amp;apos;
Driver info: org.openqa.selenium.chrome.ChromeDriver
Capabilities [{applicationCacheEnabled=false, rotatable=false, mobileEmulationEnabled=false, chrome={chromedriverVersion=2.22.397933 (1cab651507b88dec79b2b2a22d1943c01833cc1b), userDataDir=C:\Users\hxdxa4\AppData\Local\Temp\scoped_dir6428_25057}, takesHeapSnapshot=true, databaseEnabled=false, handlesAlerts=true, hasTouchScreen=false, version=52.0.2743.116, platform=XP, browserConnectionEnabled=false, nativeEvents=true, acceptSslCerts=true, locationContextEnabled=true, webStorageEnabled=true, browserName=chrome, takesScreenshot=true, javascriptEnabled=true, cssSelectorsEnabled=true}]
Session ID: 13e8a680a7f746d27cb065c8107039ce">
      <![CDATA[org.openqa.selenium.TimeoutException: Timed out after 30 seconds waiting for visibility of [[ChromeDriver: chrome on XP (13e8a680a7f746d27cb065c8107039ce)] -> xpath: //a[text()='Careers']]
Build info: version: '2.53.0', revision: '35ae25b1534ae328c771e0856c93e187490ca824', time: '2016-03-15 10:43:46'
System info: host: 'sdwvpctcs2813', ip: '10.15.11.210', os.name: 'Windows 7', os.arch: 'amd64', os.version: '6.1', java.version: '1.8.0_91'
Driver info: org.openqa.selenium.chrome.ChromeDriver
Capabilities [{applicationCacheEnabled=false, rotatable=false, mobileEmulationEnabled=false, chrome={chromedriverVersion=2.22.397933 (1cab651507b88dec79b2b2a22d1943c01833cc1b), userDataDir=C:\Users\hxdxa4\AppData\Local\Temp\scoped_dir6428_25057}, takesHeapSnapshot=true, databaseEnabled=false, handlesAlerts=true, hasTouchScreen=false, version=52.0.2743.116, platform=XP, browserConnectionEnabled=false, nativeEvents=true, acceptSslCerts=true, locationContextEnabled=true, webStorageEnabled=true, browserName=chrome, takesScreenshot=true, javascriptEnabled=true, cssSelectorsEnabled=true}]
Session ID: 13e8a680a7f746d27cb065c8107039ce
	at org.openqa.selenium.support.ui.WebDriverWait.timeoutException(WebDriverWait.java:80)
	at org.openqa.selenium.support.ui.FluentWait.until(FluentWait.java:261)
	at com.test.regression.cub.utils.SuiteBase.waitFor(SuiteBase.java:138)
	at com.test.regression.cub.utils.SuiteBase.waitFor(SuiteBase.java:142)
	at com.test.regression.cub.pages.CubHome.clickCareers(CubHome.java:270)
	at com.test.regression.cub.testscripts.HeaderFooterNavigation.FooterLinksGuestUser(HeaderFooterNavigation.java:41)
... Removed 24 stack frames]]>
    </failure>
  </testcase> <!-- FooterLinksGuestUser -->
  <testcase name="FooterLinksSignedInUser" time="54.416" classname="com.test.regression.cub.testscripts.HeaderFooterNavigation">
    <failure type="java.lang.AssertionError" message="Timed out after 30 seconds waiting for visibility of [[ChromeDriver: chrome on XP (5349385f41a2a05cf04a70629ef73d99)] -&amp;gt; xpath: //a[text()=&amp;apos;Careers&amp;apos;]]
Build info: version: &amp;apos;2.53.0&amp;apos;, revision: &amp;apos;35ae25b1534ae328c771e0856c93e187490ca824&amp;apos;, time: &amp;apos;2016-03-15 10:43:46&amp;apos;
System info: host: &amp;apos;sdwvpctcs2813&amp;apos;, ip: &amp;apos;10.15.11.210&amp;apos;, os.name: &amp;apos;Windows 7&amp;apos;, os.arch: &amp;apos;amd64&amp;apos;, os.version: &amp;apos;6.1&amp;apos;, java.version: &amp;apos;1.8.0_91&amp;apos;
Driver info: org.openqa.selenium.chrome.ChromeDriver
Capabilities [{applicationCacheEnabled=false, rotatable=false, mobileEmulationEnabled=false, chrome={chromedriverVersion=2.22.397933 (1cab651507b88dec79b2b2a22d1943c01833cc1b), userDataDir=C:\Users\hxdxa4\AppData\Local\Temp\scoped_dir9808_31103}, takesHeapSnapshot=true, databaseEnabled=false, handlesAlerts=true, hasTouchScreen=false, version=52.0.2743.116, platform=XP, browserConnectionEnabled=false, nativeEvents=true, acceptSslCerts=true, locationContextEnabled=true, webStorageEnabled=true, browserName=chrome, takesScreenshot=true, javascriptEnabled=true, cssSelectorsEnabled=true}]
Session ID: 5349385f41a2a05cf04a70629ef73d99">
      <![CDATA[java.lang.AssertionError: Timed out after 30 seconds waiting for visibility of [[ChromeDriver: chrome on XP (5349385f41a2a05cf04a70629ef73d99)] -> xpath: //a[text()='Careers']]
Build info: version: '2.53.0', revision: '35ae25b1534ae328c771e0856c93e187490ca824', time: '2016-03-15 10:43:46'
System info: host: 'sdwvpctcs2813', ip: '10.15.11.210', os.name: 'Windows 7', os.arch: 'amd64', os.version: '6.1', java.version: '1.8.0_91'
Driver info: org.openqa.selenium.chrome.ChromeDriver
Capabilities [{applicationCacheEnabled=false, rotatable=false, mobileEmulationEnabled=false, chrome={chromedriverVersion=2.22.397933 (1cab651507b88dec79b2b2a22d1943c01833cc1b), userDataDir=C:\Users\hxdxa4\AppData\Local\Temp\scoped_dir9808_31103}, takesHeapSnapshot=true, databaseEnabled=false, handlesAlerts=true, hasTouchScreen=false, version=52.0.2743.116, platform=XP, browserConnectionEnabled=false, nativeEvents=true, acceptSslCerts=true, locationContextEnabled=true, webStorageEnabled=true, browserName=chrome, takesScreenshot=true, javascriptEnabled=true, cssSelectorsEnabled=true}]
Session ID: 5349385f41a2a05cf04a70629ef73d99
	at com.test.regression.cub.testscripts.HeaderFooterNavigation.FooterLinksSignedInUser(HeaderFooterNavigation.java:153)
... Removed 25 stack frames]]>
    </failure>
  </testcase> <!-- FooterLinksSignedInUser -->
  <testcase name="TilesNavigationGuestUser" time="20.279" classname="com.test.regression.cub.testscripts.HeaderFooterNavigation"/>
  <testcase name="TilesNavigationSignedInUser" time="38.488" classname="com.test.regression.cub.testscripts.HeaderFooterNavigation"/>
</testsuite> <!-- Header Footer Navigation - Testing -->
