<html>
<head>
<title>TestNG:  Communication Preference - Testing</title>
<link href="../testng.css" rel="stylesheet" type="text/css" />
<link href="../my-testng.css" rel="stylesheet" type="text/css" />

<style type="text/css">
.log { display: none;} 
.stack-trace { display: none;} 
</style>
<script type="text/javascript">
<!--
function flip(e) {
  current = e.style.display;
  if (current == 'block') {
    e.style.display = 'none';
    return 0;
  }
  else {
    e.style.display = 'block';
    return 1;
  }
}

function toggleBox(szDivId, elem, msg1, msg2)
{
  var res = -1;  if (document.getElementById) {
    res = flip(document.getElementById(szDivId));
  }
  else if (document.all) {
    // this is the way old msie versions work
    res = flip(document.all[szDivId]);
  }
  if(elem) {
    if(res == 0) elem.innerHTML = msg1; else elem.innerHTML = msg2;
  }

}

function toggleAllBoxes() {
  if (document.getElementsByTagName) {
    d = document.getElementsByTagName('div');
    for (i = 0; i < d.length; i++) {
      if (d[i].className == 'log') {
        flip(d[i]);
      }
    }
  }
}

// -->
</script>

</head>
<body>
<h2 align='center'>Communication Preference - Testing</h2><table border='1' align="center">
<tr>
<td>Tests passed/Failed/Skipped:</td><td>8/4/0</td>
</tr><tr>
<td>Started on:</td><td>Wed Aug 17 16:32:47 IST 2016</td>
</tr>
<tr><td>Total time:</td><td>880 seconds (880855 ms)</td>
</tr><tr>
<td>Included groups:</td><td></td>
</tr><tr>
<td>Excluded groups:</td><td></td>
</tr>
</table><p/>
<small><i>(Hover the method name to see the test class name)</i></small><p/>
<table width='100%' border='1' class='invocation-failed'>
<tr><td colspan='4' align='center'><b>FAILED TESTS</b></td></tr>
<tr><td><b>Test method</b></td>
<td width="30%"><b>Exception</b></td>
<td width="10%"><b>Time (seconds)</b></td>
<td><b>Instance</b></td>
</tr>
<tr>
<td title='com.test.regression.cub.testscripts.CommunicationPref.ChngCommPrefEmailSuccess()'><b>ChngCommPrefEmailSuccess</b><br>Test class: com.test.regression.cub.testscripts.CommunicationPref</td>
<td><div><pre>java.lang.AssertionError: Timed out after 30 seconds waiting for visibility of [[ChromeDriver: chrome on XP (c6152418874e8fb9a456d98ece6a6fb3)] -&gt; xpath: //*[@id=&apos;currentCommPref-email&apos;]]
Build info: version: &apos;2.53.0&apos;, revision: &apos;35ae25b1534ae328c771e0856c93e187490ca824&apos;, time: &apos;2016-03-15 10:43:46&apos;
System info: host: &apos;sdwvpctcs2813&apos;, ip: &apos;10.15.11.210&apos;, os.name: &apos;Windows 7&apos;, os.arch: &apos;amd64&apos;, os.version: &apos;6.1&apos;, java.version: &apos;1.8.0_91&apos;
Driver info: org.openqa.selenium.chrome.ChromeDriver
Capabilities [{applicationCacheEnabled=false, rotatable=false, mobileEmulationEnabled=false, chrome={chromedriverVersion=2.22.397933 (1cab651507b88dec79b2b2a22d1943c01833cc1b), userDataDir=C:\Users\hxdxa4\AppData\Local\Temp\scoped_dir8916_1206}, takesHeapSnapshot=true, databaseEnabled=false, handlesAlerts=true, hasTouchScreen=false, version=52.0.2743.116, platform=XP, browserConnectionEnabled=false, nativeEvents=true, acceptSslCerts=true, locationContextEnabled=true, webStorageEnabled=true, browserName=chrome, takesScreenshot=true, javascriptEnabled=true, cssSelectorsEnabled=true}]
Session ID: c6152418874e8fb9a456d98ece6a6fb3
	at com.test.regression.cub.testscripts.CommunicationPref.ChngCommPrefEmailSuccess(CommunicationPref.java:85)
... Removed 25 stack frames</pre></div><a href='#' onClick='toggleBox("stack-trace1074976188", this, "Click to show all stack frames", "Click to hide stack frames")'>Click to show all stack frames</a>
<div class='stack-trace' id='stack-trace1074976188'><pre>java.lang.AssertionError: Timed out after 30 seconds waiting for visibility of [[ChromeDriver: chrome on XP (c6152418874e8fb9a456d98ece6a6fb3)] -&gt; xpath: //*[@id=&apos;currentCommPref-email&apos;]]
Build info: version: &apos;2.53.0&apos;, revision: &apos;35ae25b1534ae328c771e0856c93e187490ca824&apos;, time: &apos;2016-03-15 10:43:46&apos;
System info: host: &apos;sdwvpctcs2813&apos;, ip: &apos;10.15.11.210&apos;, os.name: &apos;Windows 7&apos;, os.arch: &apos;amd64&apos;, os.version: &apos;6.1&apos;, java.version: &apos;1.8.0_91&apos;
Driver info: org.openqa.selenium.chrome.ChromeDriver
Capabilities [{applicationCacheEnabled=false, rotatable=false, mobileEmulationEnabled=false, chrome={chromedriverVersion=2.22.397933 (1cab651507b88dec79b2b2a22d1943c01833cc1b), userDataDir=C:\Users\hxdxa4\AppData\Local\Temp\scoped_dir8916_1206}, takesHeapSnapshot=true, databaseEnabled=false, handlesAlerts=true, hasTouchScreen=false, version=52.0.2743.116, platform=XP, browserConnectionEnabled=false, nativeEvents=true, acceptSslCerts=true, locationContextEnabled=true, webStorageEnabled=true, browserName=chrome, takesScreenshot=true, javascriptEnabled=true, cssSelectorsEnabled=true}]
Session ID: c6152418874e8fb9a456d98ece6a6fb3
	at org.testng.Assert.fail(Assert.java:94)
	at com.test.regression.cub.testscripts.CommunicationPref.ChngCommPrefEmailSuccess(CommunicationPref.java:85)
	at sun.reflect.NativeMethodAccessorImpl.invoke0(Native Method)
	at sun.reflect.NativeMethodAccessorImpl.invoke(Unknown Source)
	at sun.reflect.DelegatingMethodAccessorImpl.invoke(Unknown Source)
	at java.lang.reflect.Method.invoke(Unknown Source)
	at org.testng.internal.MethodInvocationHelper.invokeMethod(MethodInvocationHelper.java:80)
	at org.testng.internal.Invoker.invokeMethod(Invoker.java:714)
	at org.testng.internal.Invoker.invokeTestMethod(Invoker.java:901)
	at org.testng.internal.Invoker.invokeTestMethods(Invoker.java:1231)
	at org.testng.internal.TestMethodWorker.invokeTestMethods(TestMethodWorker.java:127)
	at org.testng.internal.TestMethodWorker.run(TestMethodWorker.java:111)
	at org.testng.TestRunner.privateRun(TestRunner.java:767)
	at org.testng.TestRunner.run(TestRunner.java:617)
	at org.testng.SuiteRunner.runTest(SuiteRunner.java:334)
	at org.testng.SuiteRunner.runSequentially(SuiteRunner.java:329)
	at org.testng.SuiteRunner.privateRun(SuiteRunner.java:291)
	at org.testng.SuiteRunner.run(SuiteRunner.java:240)
	at org.testng.SuiteRunnerWorker.runSuite(SuiteRunnerWorker.java:52)
	at org.testng.SuiteRunnerWorker.run(SuiteRunnerWorker.java:86)
	at org.testng.TestNG.runSuitesSequentially(TestNG.java:1198)
	at org.testng.TestNG.runSuitesLocally(TestNG.java:1123)
	at org.testng.TestNG.run(TestNG.java:1031)
	at org.testng.remote.AbstractRemoteTestNG.run(AbstractRemoteTestNG.java:126)
	at org.testng.remote.RemoteTestNG.initAndRun(RemoteTestNG.java:137)
	at org.testng.remote.RemoteTestNG.main(RemoteTestNG.java:58)
</pre></div></td>
<td>84</td>
<td>com.test.regression.cub.testscripts.CommunicationPref@35d176f7</td></tr>
<tr>
<td title='com.test.regression.cub.testscripts.CommunicationPref.ChngCommPrefMobileSuccess()'><b>ChngCommPrefMobileSuccess</b><br>Test class: com.test.regression.cub.testscripts.CommunicationPref</td>
<td><div><pre>java.lang.AssertionError: The following asserts failed:

 Mobile number not updated in Communication Pref section, 
 Mobile number in Communication Pref section is not matching with Mobile number in Cont Info Section
	at com.test.regression.cub.testscripts.CommunicationPref.ChngCommPrefMobileSuccess(CommunicationPref.java:125)
... Removed 25 stack frames</pre></div><a href='#' onClick='toggleBox("stack-trace157783888", this, "Click to show all stack frames", "Click to hide stack frames")'>Click to show all stack frames</a>
<div class='stack-trace' id='stack-trace157783888'><pre>java.lang.AssertionError: The following asserts failed:

 Mobile number not updated in Communication Pref section, 
 Mobile number in Communication Pref section is not matching with Mobile number in Cont Info Section
	at org.testng.asserts.SoftAssert.assertAll(SoftAssert.java:37)
	at com.test.regression.cub.testscripts.CommunicationPref.ChngCommPrefMobileSuccess(CommunicationPref.java:125)
	at sun.reflect.NativeMethodAccessorImpl.invoke0(Native Method)
	at sun.reflect.NativeMethodAccessorImpl.invoke(Unknown Source)
	at sun.reflect.DelegatingMethodAccessorImpl.invoke(Unknown Source)
	at java.lang.reflect.Method.invoke(Unknown Source)
	at org.testng.internal.MethodInvocationHelper.invokeMethod(MethodInvocationHelper.java:80)
	at org.testng.internal.Invoker.invokeMethod(Invoker.java:714)
	at org.testng.internal.Invoker.invokeTestMethod(Invoker.java:901)
	at org.testng.internal.Invoker.invokeTestMethods(Invoker.java:1231)
	at org.testng.internal.TestMethodWorker.invokeTestMethods(TestMethodWorker.java:127)
	at org.testng.internal.TestMethodWorker.run(TestMethodWorker.java:111)
	at org.testng.TestRunner.privateRun(TestRunner.java:767)
	at org.testng.TestRunner.run(TestRunner.java:617)
	at org.testng.SuiteRunner.runTest(SuiteRunner.java:334)
	at org.testng.SuiteRunner.runSequentially(SuiteRunner.java:329)
	at org.testng.SuiteRunner.privateRun(SuiteRunner.java:291)
	at org.testng.SuiteRunner.run(SuiteRunner.java:240)
	at org.testng.SuiteRunnerWorker.runSuite(SuiteRunnerWorker.java:52)
	at org.testng.SuiteRunnerWorker.run(SuiteRunnerWorker.java:86)
	at org.testng.TestNG.runSuitesSequentially(TestNG.java:1198)
	at org.testng.TestNG.runSuitesLocally(TestNG.java:1123)
	at org.testng.TestNG.run(TestNG.java:1031)
	at org.testng.remote.AbstractRemoteTestNG.run(AbstractRemoteTestNG.java:126)
	at org.testng.remote.RemoteTestNG.initAndRun(RemoteTestNG.java:137)
	at org.testng.remote.RemoteTestNG.main(RemoteTestNG.java:58)
</pre></div></td>
<td>65</td>
<td>com.test.regression.cub.testscripts.CommunicationPref@35d176f7</td></tr>
<tr>
<td title='com.test.regression.cub.testscripts.CommunicationPref.CommPrefDirectMailInvalidLN()'><b>CommPrefDirectMailInvalidLN</b><br>Test class: com.test.regression.cub.testscripts.CommunicationPref</td>
<td><div><pre>java.lang.AssertionError: The following asserts failed:

 Failed: SAVE button is enabled  even if user enters LastName with digits 

	at com.test.regression.cub.testscripts.CommunicationPref.CommPrefDirectMailInvalidLN(CommunicationPref.java:532)
... Removed 25 stack frames</pre></div><a href='#' onClick='toggleBox("stack-trace1902499120", this, "Click to show all stack frames", "Click to hide stack frames")'>Click to show all stack frames</a>
<div class='stack-trace' id='stack-trace1902499120'><pre>java.lang.AssertionError: The following asserts failed:

 Failed: SAVE button is enabled  even if user enters LastName with digits 

	at org.testng.asserts.SoftAssert.assertAll(SoftAssert.java:37)
	at com.test.regression.cub.testscripts.CommunicationPref.CommPrefDirectMailInvalidLN(CommunicationPref.java:532)
	at sun.reflect.NativeMethodAccessorImpl.invoke0(Native Method)
	at sun.reflect.NativeMethodAccessorImpl.invoke(Unknown Source)
	at sun.reflect.DelegatingMethodAccessorImpl.invoke(Unknown Source)
	at java.lang.reflect.Method.invoke(Unknown Source)
	at org.testng.internal.MethodInvocationHelper.invokeMethod(MethodInvocationHelper.java:80)
	at org.testng.internal.Invoker.invokeMethod(Invoker.java:714)
	at org.testng.internal.Invoker.invokeTestMethod(Invoker.java:901)
	at org.testng.internal.Invoker.invokeTestMethods(Invoker.java:1231)
	at org.testng.internal.TestMethodWorker.invokeTestMethods(TestMethodWorker.java:127)
	at org.testng.internal.TestMethodWorker.run(TestMethodWorker.java:111)
	at org.testng.TestRunner.privateRun(TestRunner.java:767)
	at org.testng.TestRunner.run(TestRunner.java:617)
	at org.testng.SuiteRunner.runTest(SuiteRunner.java:334)
	at org.testng.SuiteRunner.runSequentially(SuiteRunner.java:329)
	at org.testng.SuiteRunner.privateRun(SuiteRunner.java:291)
	at org.testng.SuiteRunner.run(SuiteRunner.java:240)
	at org.testng.SuiteRunnerWorker.runSuite(SuiteRunnerWorker.java:52)
	at org.testng.SuiteRunnerWorker.run(SuiteRunnerWorker.java:86)
	at org.testng.TestNG.runSuitesSequentially(TestNG.java:1198)
	at org.testng.TestNG.runSuitesLocally(TestNG.java:1123)
	at org.testng.TestNG.run(TestNG.java:1031)
	at org.testng.remote.AbstractRemoteTestNG.run(AbstractRemoteTestNG.java:126)
	at org.testng.remote.RemoteTestNG.initAndRun(RemoteTestNG.java:137)
	at org.testng.remote.RemoteTestNG.main(RemoteTestNG.java:58)
</pre></div></td>
<td>59</td>
<td>com.test.regression.cub.testscripts.CommunicationPref@35d176f7</td></tr>
<tr>
<td title='com.test.regression.cub.testscripts.CommunicationPref.CommPrefDirectMailInvalidZIP()'><b>CommPrefDirectMailInvalidZIP</b><br>Test class: com.test.regression.cub.testscripts.CommunicationPref</td>
<td><div><pre>java.lang.AssertionError: The following asserts failed:

 Failed: SAVE button is enabled  even if user enters alphabets in ZIP code feild

	at com.test.regression.cub.testscripts.CommunicationPref.CommPrefDirectMailInvalidZIP(CommunicationPref.java:690)
... Removed 25 stack frames</pre></div><a href='#' onClick='toggleBox("stack-trace1404150776", this, "Click to show all stack frames", "Click to hide stack frames")'>Click to show all stack frames</a>
<div class='stack-trace' id='stack-trace1404150776'><pre>java.lang.AssertionError: The following asserts failed:

 Failed: SAVE button is enabled  even if user enters alphabets in ZIP code feild

	at org.testng.asserts.SoftAssert.assertAll(SoftAssert.java:37)
	at com.test.regression.cub.testscripts.CommunicationPref.CommPrefDirectMailInvalidZIP(CommunicationPref.java:690)
	at sun.reflect.NativeMethodAccessorImpl.invoke0(Native Method)
	at sun.reflect.NativeMethodAccessorImpl.invoke(Unknown Source)
	at sun.reflect.DelegatingMethodAccessorImpl.invoke(Unknown Source)
	at java.lang.reflect.Method.invoke(Unknown Source)
	at org.testng.internal.MethodInvocationHelper.invokeMethod(MethodInvocationHelper.java:80)
	at org.testng.internal.Invoker.invokeMethod(Invoker.java:714)
	at org.testng.internal.Invoker.invokeTestMethod(Invoker.java:901)
	at org.testng.internal.Invoker.invokeTestMethods(Invoker.java:1231)
	at org.testng.internal.TestMethodWorker.invokeTestMethods(TestMethodWorker.java:127)
	at org.testng.internal.TestMethodWorker.run(TestMethodWorker.java:111)
	at org.testng.TestRunner.privateRun(TestRunner.java:767)
	at org.testng.TestRunner.run(TestRunner.java:617)
	at org.testng.SuiteRunner.runTest(SuiteRunner.java:334)
	at org.testng.SuiteRunner.runSequentially(SuiteRunner.java:329)
	at org.testng.SuiteRunner.privateRun(SuiteRunner.java:291)
	at org.testng.SuiteRunner.run(SuiteRunner.java:240)
	at org.testng.SuiteRunnerWorker.runSuite(SuiteRunnerWorker.java:52)
	at org.testng.SuiteRunnerWorker.run(SuiteRunnerWorker.java:86)
	at org.testng.TestNG.runSuitesSequentially(TestNG.java:1198)
	at org.testng.TestNG.runSuitesLocally(TestNG.java:1123)
	at org.testng.TestNG.run(TestNG.java:1031)
	at org.testng.remote.AbstractRemoteTestNG.run(AbstractRemoteTestNG.java:126)
	at org.testng.remote.RemoteTestNG.initAndRun(RemoteTestNG.java:137)
	at org.testng.remote.RemoteTestNG.main(RemoteTestNG.java:58)
</pre></div></td>
<td>74</td>
<td>com.test.regression.cub.testscripts.CommunicationPref@35d176f7</td></tr>
</table><p>
<table width='100%' border='1' class='invocation-passed'>
<tr><td colspan='4' align='center'><b>PASSED TESTS</b></td></tr>
<tr><td><b>Test method</b></td>
<td width="30%"><b>Exception</b></td>
<td width="10%"><b>Time (seconds)</b></td>
<td><b>Instance</b></td>
</tr>
<tr>
<td title='com.test.regression.cub.testscripts.CommunicationPref.ChngCommPrefAddressEditSuccess()'><b>ChngCommPrefAddressEditSuccess</b><br>Test class: com.test.regression.cub.testscripts.CommunicationPref</td>
<td></td>
<td>83</td>
<td>com.test.regression.cub.testscripts.CommunicationPref@35d176f7</td></tr>
<tr>
<td title='com.test.regression.cub.testscripts.CommunicationPref.ChngCommPrefAddressSuccess()'><b>ChngCommPrefAddressSuccess</b><br>Test class: com.test.regression.cub.testscripts.CommunicationPref</td>
<td></td>
<td>72</td>
<td>com.test.regression.cub.testscripts.CommunicationPref@35d176f7</td></tr>
<tr>
<td title='com.test.regression.cub.testscripts.CommunicationPref.CommPrefDirectMailInvalidCity()'><b>CommPrefDirectMailInvalidCity</b><br>Test class: com.test.regression.cub.testscripts.CommunicationPref</td>
<td></td>
<td>60</td>
<td>com.test.regression.cub.testscripts.CommunicationPref@35d176f7</td></tr>
<tr>
<td title='com.test.regression.cub.testscripts.CommunicationPref.CommPrefDirectMailInvalidFN()'><b>CommPrefDirectMailInvalidFN</b><br>Test class: com.test.regression.cub.testscripts.CommunicationPref</td>
<td></td>
<td>59</td>
<td>com.test.regression.cub.testscripts.CommunicationPref@35d176f7</td></tr>
<tr>
<td title='com.test.regression.cub.testscripts.CommunicationPref.CommPrefEmailInvalid()'><b>CommPrefEmailInvalid</b><br>Test class: com.test.regression.cub.testscripts.CommunicationPref</td>
<td></td>
<td>47</td>
<td>com.test.regression.cub.testscripts.CommunicationPref@35d176f7</td></tr>
<tr>
<td title='com.test.regression.cub.testscripts.CommunicationPref.CommPrefNullAddress()'><b>CommPrefNullAddress</b><br>Test class: com.test.regression.cub.testscripts.CommunicationPref</td>
<td></td>
<td>44</td>
<td>com.test.regression.cub.testscripts.CommunicationPref@35d176f7</td></tr>
<tr>
<td title='com.test.regression.cub.testscripts.CommunicationPref.CommPrefSMSInvalid()'><b>CommPrefSMSInvalid</b><br>Test class: com.test.regression.cub.testscripts.CommunicationPref</td>
<td></td>
<td>55</td>
<td>com.test.regression.cub.testscripts.CommunicationPref@35d176f7</td></tr>
<tr>
<td title='com.test.regression.cub.testscripts.CommunicationPref.CommPrefUncheckAll()'><b>CommPrefUncheckAll</b><br>Test class: com.test.regression.cub.testscripts.CommunicationPref</td>
<td></td>
<td>52</td>
<td>com.test.regression.cub.testscripts.CommunicationPref@35d176f7</td></tr>
</table><p>
</body>
</html>