<?xml version="1.0" encoding="UTF-8"?>
<!-- Generated by org.testng.reporters.JUnitXMLReporter -->
<testsuite hostname="sdwvpctcs2813" name="Communication Preference - Testing" tests="12" failures="4" timestamp="17 Aug 2016 11:17:28 GMT" time="880.855" errors="0">
  <testcase name="ChngCommPrefEmailSuccess" time="84.151" classname="com.test.regression.cub.testscripts.CommunicationPref">
    <failure type="java.lang.AssertionError" message="Timed out after 30 seconds waiting for visibility of [[ChromeDriver: chrome on XP (c6152418874e8fb9a456d98ece6a6fb3)] -&amp;gt; xpath: //*[@id=&amp;apos;currentCommPref-email&amp;apos;]]
Build info: version: &amp;apos;2.53.0&amp;apos;, revision: &amp;apos;35ae25b1534ae328c771e0856c93e187490ca824&amp;apos;, time: &amp;apos;2016-03-15 10:43:46&amp;apos;
System info: host: &amp;apos;sdwvpctcs2813&amp;apos;, ip: &amp;apos;10.15.11.210&amp;apos;, os.name: &amp;apos;Windows 7&amp;apos;, os.arch: &amp;apos;amd64&amp;apos;, os.version: &amp;apos;6.1&amp;apos;, java.version: &amp;apos;1.8.0_91&amp;apos;
Driver info: org.openqa.selenium.chrome.ChromeDriver
Capabilities [{applicationCacheEnabled=false, rotatable=false, mobileEmulationEnabled=false, chrome={chromedriverVersion=2.22.397933 (1cab651507b88dec79b2b2a22d1943c01833cc1b), userDataDir=C:\Users\hxdxa4\AppData\Local\Temp\scoped_dir8916_1206}, takesHeapSnapshot=true, databaseEnabled=false, handlesAlerts=true, hasTouchScreen=false, version=52.0.2743.116, platform=XP, browserConnectionEnabled=false, nativeEvents=true, acceptSslCerts=true, locationContextEnabled=true, webStorageEnabled=true, browserName=chrome, takesScreenshot=true, javascriptEnabled=true, cssSelectorsEnabled=true}]
Session ID: c6152418874e8fb9a456d98ece6a6fb3">
      <![CDATA[java.lang.AssertionError: Timed out after 30 seconds waiting for visibility of [[ChromeDriver: chrome on XP (c6152418874e8fb9a456d98ece6a6fb3)] -> xpath: //*[@id='currentCommPref-email']]
Build info: version: '2.53.0', revision: '35ae25b1534ae328c771e0856c93e187490ca824', time: '2016-03-15 10:43:46'
System info: host: 'sdwvpctcs2813', ip: '10.15.11.210', os.name: 'Windows 7', os.arch: 'amd64', os.version: '6.1', java.version: '1.8.0_91'
Driver info: org.openqa.selenium.chrome.ChromeDriver
Capabilities [{applicationCacheEnabled=false, rotatable=false, mobileEmulationEnabled=false, chrome={chromedriverVersion=2.22.397933 (1cab651507b88dec79b2b2a22d1943c01833cc1b), userDataDir=C:\Users\hxdxa4\AppData\Local\Temp\scoped_dir8916_1206}, takesHeapSnapshot=true, databaseEnabled=false, handlesAlerts=true, hasTouchScreen=false, version=52.0.2743.116, platform=XP, browserConnectionEnabled=false, nativeEvents=true, acceptSslCerts=true, locationContextEnabled=true, webStorageEnabled=true, browserName=chrome, takesScreenshot=true, javascriptEnabled=true, cssSelectorsEnabled=true}]
Session ID: c6152418874e8fb9a456d98ece6a6fb3
	at com.test.regression.cub.testscripts.CommunicationPref.ChngCommPrefEmailSuccess(CommunicationPref.java:85)
... Removed 25 stack frames]]>
    </failure>
  </testcase> <!-- ChngCommPrefEmailSuccess -->
  <testcase name="ChngCommPrefMobileSuccess" time="65.885" classname="com.test.regression.cub.testscripts.CommunicationPref">
    <failure type="java.lang.AssertionError" message="The following asserts failed:

 Mobile number not updated in Communication Pref section, 
 Mobile number in Communication Pref section is not matching with Mobile number in Cont Info Section">
      <![CDATA[java.lang.AssertionError: The following asserts failed:

 Mobile number not updated in Communication Pref section, 
 Mobile number in Communication Pref section is not matching with Mobile number in Cont Info Section
	at com.test.regression.cub.testscripts.CommunicationPref.ChngCommPrefMobileSuccess(CommunicationPref.java:125)
... Removed 25 stack frames]]>
    </failure>
  </testcase> <!-- ChngCommPrefMobileSuccess -->
  <testcase name="ChngCommPrefAddressSuccess" time="72.384" classname="com.test.regression.cub.testscripts.CommunicationPref"/>
  <testcase name="CommPrefUncheckAll" time="52.836" classname="com.test.regression.cub.testscripts.CommunicationPref"/>
  <testcase name="CommPrefEmailInvalid" time="47.333" classname="com.test.regression.cub.testscripts.CommunicationPref"/>
  <testcase name="CommPrefDirectMailInvalidFN" time="59.663" classname="com.test.regression.cub.testscripts.CommunicationPref"/>
  <testcase name="CommPrefSMSInvalid" time="55.789" classname="com.test.regression.cub.testscripts.CommunicationPref"/>
  <testcase name="CommPrefDirectMailInvalidLN" time="59.282" classname="com.test.regression.cub.testscripts.CommunicationPref">
    <failure type="java.lang.AssertionError" message="The following asserts failed:

 Failed: SAVE button is enabled  even if user enters LastName with digits 
">
      <![CDATA[java.lang.AssertionError: The following asserts failed:

 Failed: SAVE button is enabled  even if user enters LastName with digits 

	at com.test.regression.cub.testscripts.CommunicationPref.CommPrefDirectMailInvalidLN(CommunicationPref.java:532)
... Removed 25 stack frames]]>
    </failure>
  </testcase> <!-- CommPrefDirectMailInvalidLN -->
  <testcase name="CommPrefDirectMailInvalidCity" time="60.256" classname="com.test.regression.cub.testscripts.CommunicationPref"/>
  <testcase name="CommPrefDirectMailInvalidZIP" time="74.921" classname="com.test.regression.cub.testscripts.CommunicationPref">
    <failure type="java.lang.AssertionError" message="The following asserts failed:

 Failed: SAVE button is enabled  even if user enters alphabets in ZIP code feild
">
      <![CDATA[java.lang.AssertionError: The following asserts failed:

 Failed: SAVE button is enabled  even if user enters alphabets in ZIP code feild

	at com.test.regression.cub.testscripts.CommunicationPref.CommPrefDirectMailInvalidZIP(CommunicationPref.java:690)
... Removed 25 stack frames]]>
    </failure>
  </testcase> <!-- CommPrefDirectMailInvalidZIP -->
  <testcase name="CommPrefNullAddress" time="44.89" classname="com.test.regression.cub.testscripts.CommunicationPref"/>
  <testcase name="ChngCommPrefAddressEditSuccess" time="83.899" classname="com.test.regression.cub.testscripts.CommunicationPref"/>
</testsuite> <!-- Communication Preference - Testing -->
