<?xml version="1.0" encoding="UTF-8"?>
<!-- Generated by org.testng.reporters.JUnitXMLReporter -->
<testsuite hostname="sdwvpctcs2813" name="My Account- Testing" tests="16" failures="7" timestamp="17 Aug 2016 10:22:10 GMT" time="1025.322" errors="0">
  <testcase name="ChngPwdValid" time="71.959" classname="com.test.regression.cub.testscripts.MyAccount">
    <failure type="java.lang.AssertionError" message="unknown error: Element is not clickable at point (826, 496). Other element would receive the click: &amp;lt;div class=&amp;quot;ss-overlay&amp;quot; style=&amp;quot;display: block;&amp;quot;&amp;gt;&amp;lt;/div&amp;gt;
  (Session info: chrome=52.0.2743.116)
  (Driver info: chromedriver=2.22.397933 (1cab651507b88dec79b2b2a22d1943c01833cc1b),platform=Windows NT 6.1.7601 SP1 x86_64) (WARNING: The server did not provide any stacktrace information)
Command duration or timeout: 52 milliseconds
Build info: version: &amp;apos;2.53.0&amp;apos;, revision: &amp;apos;35ae25b1534ae328c771e0856c93e187490ca824&amp;apos;, time: &amp;apos;2016-03-15 10:43:46&amp;apos;
System info: host: &amp;apos;sdwvpctcs2813&amp;apos;, ip: &amp;apos;10.15.11.210&amp;apos;, os.name: &amp;apos;Windows 7&amp;apos;, os.arch: &amp;apos;amd64&amp;apos;, os.version: &amp;apos;6.1&amp;apos;, java.version: &amp;apos;1.8.0_91&amp;apos;
Driver info: org.openqa.selenium.chrome.ChromeDriver
Capabilities [{applicationCacheEnabled=false, rotatable=false, mobileEmulationEnabled=false, chrome={chromedriverVersion=2.22.397933 (1cab651507b88dec79b2b2a22d1943c01833cc1b), userDataDir=C:\Users\hxdxa4\AppData\Local\Temp\scoped_dir8528_26065}, takesHeapSnapshot=true, databaseEnabled=false, handlesAlerts=true, hasTouchScreen=false, version=52.0.2743.116, platform=XP, browserConnectionEnabled=false, nativeEvents=true, acceptSslCerts=true, locationContextEnabled=true, webStorageEnabled=true, browserName=chrome, takesScreenshot=true, javascriptEnabled=true, cssSelectorsEnabled=true}]
Session ID: fe0917a3cfd8a82669ad20bc4aeec9fc">
      <![CDATA[java.lang.AssertionError: unknown error: Element is not clickable at point (826, 496). Other element would receive the click: <div class="ss-overlay" style="display: block;"></div>
  (Session info: chrome=52.0.2743.116)
  (Driver info: chromedriver=2.22.397933 (1cab651507b88dec79b2b2a22d1943c01833cc1b),platform=Windows NT 6.1.7601 SP1 x86_64) (WARNING: The server did not provide any stacktrace information)
Command duration or timeout: 52 milliseconds
Build info: version: '2.53.0', revision: '35ae25b1534ae328c771e0856c93e187490ca824', time: '2016-03-15 10:43:46'
System info: host: 'sdwvpctcs2813', ip: '10.15.11.210', os.name: 'Windows 7', os.arch: 'amd64', os.version: '6.1', java.version: '1.8.0_91'
Driver info: org.openqa.selenium.chrome.ChromeDriver
Capabilities [{applicationCacheEnabled=false, rotatable=false, mobileEmulationEnabled=false, chrome={chromedriverVersion=2.22.397933 (1cab651507b88dec79b2b2a22d1943c01833cc1b), userDataDir=C:\Users\hxdxa4\AppData\Local\Temp\scoped_dir8528_26065}, takesHeapSnapshot=true, databaseEnabled=false, handlesAlerts=true, hasTouchScreen=false, version=52.0.2743.116, platform=XP, browserConnectionEnabled=false, nativeEvents=true, acceptSslCerts=true, locationContextEnabled=true, webStorageEnabled=true, browserName=chrome, takesScreenshot=true, javascriptEnabled=true, cssSelectorsEnabled=true}]
Session ID: fe0917a3cfd8a82669ad20bc4aeec9fc
	at com.test.regression.cub.testscripts.MyAccount.ChngPwdValid(MyAccount.java:102)
... Removed 25 stack frames]]>
    </failure>
  </testcase> <!-- ChngPwdValid -->
  <testcase name="ChngPwdWrongOldPwd" time="33.28" classname="com.test.regression.cub.testscripts.MyAccount"/>
  <testcase name="ChngPwdSpace" time="32.558" classname="com.test.regression.cub.testscripts.MyAccount"/>
  <testcase name="ChngPwdLengthyPwd" time="84.643" classname="com.test.regression.cub.testscripts.MyAccount">
    <failure type="java.lang.AssertionError" message="Timed out after 30 seconds waiting for visibility of Proxy element for: DefaultElementLocator &amp;apos;By.xpath: //a[text()=&amp;apos;Change Password&amp;apos;]&amp;apos;
Build info: version: &amp;apos;2.53.0&amp;apos;, revision: &amp;apos;35ae25b1534ae328c771e0856c93e187490ca824&amp;apos;, time: &amp;apos;2016-03-15 10:43:46&amp;apos;
System info: host: &amp;apos;sdwvpctcs2813&amp;apos;, ip: &amp;apos;10.15.11.210&amp;apos;, os.name: &amp;apos;Windows 7&amp;apos;, os.arch: &amp;apos;amd64&amp;apos;, os.version: &amp;apos;6.1&amp;apos;, java.version: &amp;apos;1.8.0_91&amp;apos;
Driver info: org.openqa.selenium.chrome.ChromeDriver
Capabilities [{applicationCacheEnabled=false, rotatable=false, mobileEmulationEnabled=false, chrome={chromedriverVersion=2.22.397933 (1cab651507b88dec79b2b2a22d1943c01833cc1b), userDataDir=C:\Users\hxdxa4\AppData\Local\Temp\scoped_dir2992_25252}, takesHeapSnapshot=true, databaseEnabled=false, handlesAlerts=true, hasTouchScreen=false, version=52.0.2743.116, platform=XP, browserConnectionEnabled=false, nativeEvents=true, acceptSslCerts=true, locationContextEnabled=true, webStorageEnabled=true, browserName=chrome, takesScreenshot=true, javascriptEnabled=true, cssSelectorsEnabled=true}]
Session ID: d8f23b3d85791e395250631973ceaf60">
      <![CDATA[java.lang.AssertionError: Timed out after 30 seconds waiting for visibility of Proxy element for: DefaultElementLocator 'By.xpath: //a[text()='Change Password']'
Build info: version: '2.53.0', revision: '35ae25b1534ae328c771e0856c93e187490ca824', time: '2016-03-15 10:43:46'
System info: host: 'sdwvpctcs2813', ip: '10.15.11.210', os.name: 'Windows 7', os.arch: 'amd64', os.version: '6.1', java.version: '1.8.0_91'
Driver info: org.openqa.selenium.chrome.ChromeDriver
Capabilities [{applicationCacheEnabled=false, rotatable=false, mobileEmulationEnabled=false, chrome={chromedriverVersion=2.22.397933 (1cab651507b88dec79b2b2a22d1943c01833cc1b), userDataDir=C:\Users\hxdxa4\AppData\Local\Temp\scoped_dir2992_25252}, takesHeapSnapshot=true, databaseEnabled=false, handlesAlerts=true, hasTouchScreen=false, version=52.0.2743.116, platform=XP, browserConnectionEnabled=false, nativeEvents=true, acceptSslCerts=true, locationContextEnabled=true, webStorageEnabled=true, browserName=chrome, takesScreenshot=true, javascriptEnabled=true, cssSelectorsEnabled=true}]
Session ID: d8f23b3d85791e395250631973ceaf60
	at com.test.regression.cub.testscripts.MyAccount.ChngPwdLengthyPwd(MyAccount.java:293)
... Removed 25 stack frames]]>
    </failure>
  </testcase> <!-- ChngPwdLengthyPwd -->
  <testcase name="ChngPwdShortPwd" time="33.377" classname="com.test.regression.cub.testscripts.MyAccount"/>
  <testcase name="ChngPwdDifferentNewPwds" time="34.069" classname="com.test.regression.cub.testscripts.MyAccount"/>
  <testcase name="ChngContInfoSuccessfully" time="29.73" classname="com.test.regression.cub.testscripts.MyAccount">
    <failure type="java.lang.AssertionError" message="unknown error: Element is not clickable at point (862, 602). Other element would receive the click: &amp;lt;div class=&amp;quot;ss-overlay&amp;quot; style=&amp;quot;display: block;&amp;quot;&amp;gt;&amp;lt;/div&amp;gt;
  (Session info: chrome=52.0.2743.116)
  (Driver info: chromedriver=2.22.397933 (1cab651507b88dec79b2b2a22d1943c01833cc1b),platform=Windows NT 6.1.7601 SP1 x86_64) (WARNING: The server did not provide any stacktrace information)
Command duration or timeout: 41 milliseconds
Build info: version: &amp;apos;2.53.0&amp;apos;, revision: &amp;apos;35ae25b1534ae328c771e0856c93e187490ca824&amp;apos;, time: &amp;apos;2016-03-15 10:43:46&amp;apos;
System info: host: &amp;apos;sdwvpctcs2813&amp;apos;, ip: &amp;apos;10.15.11.210&amp;apos;, os.name: &amp;apos;Windows 7&amp;apos;, os.arch: &amp;apos;amd64&amp;apos;, os.version: &amp;apos;6.1&amp;apos;, java.version: &amp;apos;1.8.0_91&amp;apos;
Driver info: org.openqa.selenium.chrome.ChromeDriver
Capabilities [{applicationCacheEnabled=false, rotatable=false, mobileEmulationEnabled=false, chrome={chromedriverVersion=2.22.397933 (1cab651507b88dec79b2b2a22d1943c01833cc1b), userDataDir=C:\Users\hxdxa4\AppData\Local\Temp\scoped_dir9952_23808}, takesHeapSnapshot=true, databaseEnabled=false, handlesAlerts=true, hasTouchScreen=false, version=52.0.2743.116, platform=XP, browserConnectionEnabled=false, nativeEvents=true, acceptSslCerts=true, locationContextEnabled=true, webStorageEnabled=true, browserName=chrome, takesScreenshot=true, javascriptEnabled=true, cssSelectorsEnabled=true}]
Session ID: 2053f0d38e92a9610c82edd268786d82">
      <![CDATA[java.lang.AssertionError: unknown error: Element is not clickable at point (862, 602). Other element would receive the click: <div class="ss-overlay" style="display: block;"></div>
  (Session info: chrome=52.0.2743.116)
  (Driver info: chromedriver=2.22.397933 (1cab651507b88dec79b2b2a22d1943c01833cc1b),platform=Windows NT 6.1.7601 SP1 x86_64) (WARNING: The server did not provide any stacktrace information)
Command duration or timeout: 41 milliseconds
Build info: version: '2.53.0', revision: '35ae25b1534ae328c771e0856c93e187490ca824', time: '2016-03-15 10:43:46'
System info: host: 'sdwvpctcs2813', ip: '10.15.11.210', os.name: 'Windows 7', os.arch: 'amd64', os.version: '6.1', java.version: '1.8.0_91'
Driver info: org.openqa.selenium.chrome.ChromeDriver
Capabilities [{applicationCacheEnabled=false, rotatable=false, mobileEmulationEnabled=false, chrome={chromedriverVersion=2.22.397933 (1cab651507b88dec79b2b2a22d1943c01833cc1b), userDataDir=C:\Users\hxdxa4\AppData\Local\Temp\scoped_dir9952_23808}, takesHeapSnapshot=true, databaseEnabled=false, handlesAlerts=true, hasTouchScreen=false, version=52.0.2743.116, platform=XP, browserConnectionEnabled=false, nativeEvents=true, acceptSslCerts=true, locationContextEnabled=true, webStorageEnabled=true, browserName=chrome, takesScreenshot=true, javascriptEnabled=true, cssSelectorsEnabled=true}]
Session ID: 2053f0d38e92a9610c82edd268786d82
	at com.test.regression.cub.testscripts.MyAccount.ChngContInfoSuccessfully(MyAccount.java:481)
... Removed 25 stack frames]]>
    </failure>
  </testcase> <!-- ChngContInfoSuccessfully -->
  <testcase name="ChngContInfoInvalidFirstName" time="58.861" classname="com.test.regression.cub.testscripts.MyAccount"/>
  <testcase name="ChngContInfoInvalidLastName" time="57.305" classname="com.test.regression.cub.testscripts.MyAccount">
    <failure type="java.lang.AssertionError" message="The following asserts failed:

 Failed for LastName with Special Characters, 
 Failed for LastName with Numbers">
      <![CDATA[java.lang.AssertionError: The following asserts failed:

 Failed for LastName with Special Characters, 
 Failed for LastName with Numbers
	at com.test.regression.cub.testscripts.MyAccount.ChngContInfoInvalidLastName(MyAccount.java:701)
... Removed 25 stack frames]]>
    </failure>
  </testcase> <!-- ChngContInfoInvalidLastName -->
  <testcase name="ChngContInfoInvalidZIP" time="73.109" classname="com.test.regression.cub.testscripts.MyAccount">
    <failure type="java.lang.AssertionError" message="The following asserts failed:

 Failed for ZIP with alphabets">
      <![CDATA[java.lang.AssertionError: The following asserts failed:

 Failed for ZIP with alphabets
	at com.test.regression.cub.testscripts.MyAccount.ChngContInfoInvalidZIP(MyAccount.java:796)
... Removed 25 stack frames]]>
    </failure>
  </testcase> <!-- ChngContInfoInvalidZIP -->
  <testcase name="ChngContInfoInvalidCity" time="64.077" classname="com.test.regression.cub.testscripts.MyAccount">
    <failure type="java.lang.AssertionError" message="The following asserts failed:

 Failed for CITY with Special Characters, 
 Failed for  CITY with numbers">
      <![CDATA[java.lang.AssertionError: The following asserts failed:

 Failed for CITY with Special Characters, 
 Failed for  CITY with numbers
	at com.test.regression.cub.testscripts.MyAccount.ChngContInfoInvalidCity(MyAccount.java:876)
... Removed 25 stack frames]]>
    </failure>
  </testcase> <!-- ChngContInfoInvalidCity -->
  <testcase name="ChngContInfoInvalidHomeNumber" time="52.035" classname="com.test.regression.cub.testscripts.MyAccount">
    <failure type="java.lang.AssertionError" message="unknown error: cannot focus element
  (Session info: chrome=52.0.2743.116)
  (Driver info: chromedriver=2.22.397933 (1cab651507b88dec79b2b2a22d1943c01833cc1b),platform=Windows NT 6.1.7601 SP1 x86_64) (WARNING: The server did not provide any stacktrace information)
Command duration or timeout: 54 milliseconds
Build info: version: &amp;apos;2.53.0&amp;apos;, revision: &amp;apos;35ae25b1534ae328c771e0856c93e187490ca824&amp;apos;, time: &amp;apos;2016-03-15 10:43:46&amp;apos;
System info: host: &amp;apos;sdwvpctcs2813&amp;apos;, ip: &amp;apos;10.15.11.210&amp;apos;, os.name: &amp;apos;Windows 7&amp;apos;, os.arch: &amp;apos;amd64&amp;apos;, os.version: &amp;apos;6.1&amp;apos;, java.version: &amp;apos;1.8.0_91&amp;apos;
Driver info: org.openqa.selenium.chrome.ChromeDriver
Capabilities [{applicationCacheEnabled=false, rotatable=false, mobileEmulationEnabled=false, chrome={chromedriverVersion=2.22.397933 (1cab651507b88dec79b2b2a22d1943c01833cc1b), userDataDir=C:\Users\hxdxa4\AppData\Local\Temp\scoped_dir9932_27301}, takesHeapSnapshot=true, databaseEnabled=false, handlesAlerts=true, hasTouchScreen=false, version=52.0.2743.116, platform=XP, browserConnectionEnabled=false, nativeEvents=true, acceptSslCerts=true, locationContextEnabled=true, webStorageEnabled=true, browserName=chrome, takesScreenshot=true, javascriptEnabled=true, cssSelectorsEnabled=true}]
Session ID: cb320abd82fe1f83e37e817f03cb7012">
      <![CDATA[java.lang.AssertionError: unknown error: cannot focus element
  (Session info: chrome=52.0.2743.116)
  (Driver info: chromedriver=2.22.397933 (1cab651507b88dec79b2b2a22d1943c01833cc1b),platform=Windows NT 6.1.7601 SP1 x86_64) (WARNING: The server did not provide any stacktrace information)
Command duration or timeout: 54 milliseconds
Build info: version: '2.53.0', revision: '35ae25b1534ae328c771e0856c93e187490ca824', time: '2016-03-15 10:43:46'
System info: host: 'sdwvpctcs2813', ip: '10.15.11.210', os.name: 'Windows 7', os.arch: 'amd64', os.version: '6.1', java.version: '1.8.0_91'
Driver info: org.openqa.selenium.chrome.ChromeDriver
Capabilities [{applicationCacheEnabled=false, rotatable=false, mobileEmulationEnabled=false, chrome={chromedriverVersion=2.22.397933 (1cab651507b88dec79b2b2a22d1943c01833cc1b), userDataDir=C:\Users\hxdxa4\AppData\Local\Temp\scoped_dir9932_27301}, takesHeapSnapshot=true, databaseEnabled=false, handlesAlerts=true, hasTouchScreen=false, version=52.0.2743.116, platform=XP, browserConnectionEnabled=false, nativeEvents=true, acceptSslCerts=true, locationContextEnabled=true, webStorageEnabled=true, browserName=chrome, takesScreenshot=true, javascriptEnabled=true, cssSelectorsEnabled=true}]
Session ID: cb320abd82fe1f83e37e817f03cb7012
	at com.test.regression.cub.testscripts.MyAccount.ChngContInfoInvalidHomeNumber(MyAccount.java:1063)
... Removed 25 stack frames]]>
    </failure>
  </testcase> <!-- ChngContInfoInvalidHomeNumber -->
  <testcase name="ChngContInfoInvalidMobileNumber" time="77.68" classname="com.test.regression.cub.testscripts.MyAccount"/>
  <testcase name="ChngContInfoNullAddress" time="46.476" classname="com.test.regression.cub.testscripts.MyAccount"/>
  <testcase name="ChngContInfoUsingEditLinkInPopUp" time="78.737" classname="com.test.regression.cub.testscripts.MyAccount"/>
  <testcase name="PPLinkInUpdateContactInfoPopUp" time="38.317" classname="com.test.regression.cub.testscripts.MyAccount"/>
</testsuite> <!-- My Account- Testing -->
