<?xml version="1.0" encoding="UTF-8"?>
<!-- Generated by org.testng.reporters.JUnitXMLReporter -->
<testsuite hostname="sdwvpctcs2813" name="Sign Up - Testing" tests="8" failures="3" timestamp="17 Aug 2016 09:59:10 GMT" time="834.885" errors="0">
  <testcase name="validSignUp4mSL" time="67.202" classname="com.test.regression.cub.testscripts.SignUp"/>
  <testcase name="validSignUp_noCard" time="41.211" classname="com.test.regression.cub.testscripts.SignUp"/>
  <testcase name="validSignUp_yesIHaveOne" time="54.431" classname="com.test.regression.cub.testscripts.SignUp"/>
  <testcase name="validSignUp_yesIHaveOne_validateRewardsPopup" time="212.902" classname="com.test.regression.cub.testscripts.SignUp">
    <failure type="java.lang.AssertionError" message="The following asserts failed:

  Failed: No error displayed when user enters invalid cardless id and valid lastname.., 
  Failed: No error displayed when user enters invalid last name and valid  card number.., 
  Failed: No error displayed when user enters invalid Cardles id and valid  card number.., 
  Failed: No error displayed when user enters valid Cardles id and invalid card number.., 
  Failed: No error displayed when user enters valid cardless id and invalid lastname.., 
  Failed: Continue button is enabled  when user enters alphabets in Cardles id feild while adding existing card.., 
  Failed: Continue button is enabled  when user enters Special Characters in Cardles id feild while adding existing card.., 
  Failed: Continue button is enabled  when user enters Space in Cardles id feild while adding existing card.., 
  Failed: No error displayed when user enters invalid card number and valid lastname..">
      <![CDATA[java.lang.AssertionError: The following asserts failed:

  Failed: No error displayed when user enters invalid cardless id and valid lastname.., 
  Failed: No error displayed when user enters invalid last name and valid  card number.., 
  Failed: No error displayed when user enters invalid Cardles id and valid  card number.., 
  Failed: No error displayed when user enters valid Cardles id and invalid card number.., 
  Failed: No error displayed when user enters valid cardless id and invalid lastname.., 
  Failed: Continue button is enabled  when user enters alphabets in Cardles id feild while adding existing card.., 
  Failed: Continue button is enabled  when user enters Special Characters in Cardles id feild while adding existing card.., 
  Failed: Continue button is enabled  when user enters Space in Cardles id feild while adding existing card.., 
  Failed: No error displayed when user enters invalid card number and valid lastname..
	at com.test.regression.cub.testscripts.SignUp.validSignUp_yesIHaveOne_validateRewardsPopup(SignUp.java:829)
... Removed 25 stack frames]]>
    </failure>
  </testcase> <!-- validSignUp_yesIHaveOne_validateRewardsPopup -->
  <testcase name="signUp_validateContactInfoPopup" time="270.745" classname="com.test.regression.cub.testscripts.SignUp">
    <failure type="java.lang.AssertionError" message="The following asserts failed:

 Failed for LastName with Special Characters, 
 Failed for LastName with Numbers, 
 Failed for ZIP with alphabets, 
 Failed for CITY with Special Characters, 
 Failed for  CITY with numbers">
      <![CDATA[java.lang.AssertionError: The following asserts failed:

 Failed for LastName with Special Characters, 
 Failed for LastName with Numbers, 
 Failed for ZIP with alphabets, 
 Failed for CITY with Special Characters, 
 Failed for  CITY with numbers
	at com.test.regression.cub.testscripts.SignUp.signUp_validateContactInfoPopup(SignUp.java:683)
... Removed 25 stack frames]]>
    </failure>
  </testcase> <!-- signUp_validateContactInfoPopup -->
  <testcase name="validSignUp_noCardButWantOne" time="53.355" classname="com.test.regression.cub.testscripts.SignUp"/>
  <testcase name="validateSignInLinkInSignUpPopup" time="1.752" classname="com.test.regression.cub.testscripts.SignUp">
    <failure type="java.lang.AssertionError" message="The following asserts failed:
Sign In popup is not displayed on clicking SignIn in Sign Up popup">
      <![CDATA[java.lang.AssertionError: The following asserts failed:
Sign In popup is not displayed on clicking SignIn in Sign Up popup
	at com.test.regression.cub.testscripts.SignUp.validateSignInLinkInSignUpPopup(SignUp.java:309)
... Removed 25 stack frames]]>
    </failure>
  </testcase> <!-- validateSignInLinkInSignUpPopup -->
  <testcase name="userNameNPasswordFieldValidationSignUp" time="27.911" classname="com.test.regression.cub.testscripts.SignUp"/>
</testsuite> <!-- Sign Up - Testing -->
