<html xmlns:math="http://exslt.org/math" xmlns:testng="http://testng.org">
   <head>
      <title>TestNG Results</title>
      <meta http-equiv="content-type" content="text/html; charset=utf-8"></meta>
      <meta http-equiv="pragma" content="no-cache"></meta>
      <meta http-equiv="cache-control" content="max-age=0"></meta>
      <meta http-equiv="cache-control" content="no-cache"></meta>
      <meta http-equiv="cache-control" content="no-store"></meta>
      <LINK rel="stylesheet" href="style.css"></LINK>
      <script type="text/javascript" src="main.js"></script>
   </head>
   <body>
      <table width="100%" style="font-size: 16px; margin-bottom: 10px;" cellspacing="1">
         <tr>
            <td width="100%">
               Test case
               
               <b>Shopping List - Testing</b>
            </td>
            <td style="background-color: #FFBBBB; padding: 3px 3px 3px 0;" align="center">
               <div style="width: 50px;">1</div>
            </td>
            <td style="background-color: lightgreen; padding: 3px 3px 3px 0;" align="center">
               <div style="width: 50px;">4</div>
            </td>
            <td style="background-color: #FFFFBB; padding: 3px 3px 3px 0;" align="center">
               <div style="width: 50px;">0</div>
            </td>
            <td align="center" style="background-color: #eaf0f7; padding: 3px 3px 3px 0;">
               <div style="width: 50px;">5</div>
            </td>
            <td align="center"
                style="font-weight: bold; background-color: #eaf0f7; padding: 3px 3px 3px 0;">
               <div style="width: 50px;">80%</div>
            </td>
            <td style="background-color: #eaf0f7; padding: 3px 3px 3px 0;" align="center"
                nowrap="true">8m
               17s
               
            </td>
         </tr>
      </table>
      <div style="width: 200px;">
         <label for="groupMethodsCheckBox" style="font-weight: bold; margin: 0;">
            <input id="groupMethodsCheckBox" type="checkbox" onclick="switchTestMethodsView(this)"
                   checked=""></input>
            Group by class
            
         </label>
         <br></br>
         <label for="methodsFilter_ALL" style="font-weight: bold; margin: 0;">
            <input id="methodsFilter_ALL" type="checkbox"
                   onclick="testMethodsFilterChanged(this, 'ALL')"
                   checked=""></input>
            All
            
         </label>
      </div>
      <label for="methodsFilter_FAIL" style="margin-left: 20px;">
         <input id="methodsFilter_FAIL" type="checkbox"
                onclick="testMethodsFilterChanged(this, 'FAIL')"
                checked=""></input>
         Failed
         
      </label>
      <label for="methodsFilter_PASS">
         <input id="methodsFilter_PASS" type="checkbox"
                onclick="testMethodsFilterChanged(this, 'PASS')"
                checked=""></input>
         Passed
         
      </label>
      <label for="methodsFilter_SKIP">
         <input id="methodsFilter_SKIP" type="checkbox"
                onclick="testMethodsFilterChanged(this, 'SKIP')"
                checked=""></input>
         Skipped
         
      </label>
      <label for="methodsFilter_CONF">
         <input id="methodsFilter_CONF" type="checkbox"
                onclick="testMethodsFilterChanged(this, 'CONF')"
                checked=""></input>
         Config
         
      </label>
      <br></br>
      <div id="testMethodsByStatus" style="display: none;">
         <table class="testMethodsTable" cellpadding="0" cellspacing="0">
            <tr class="methodsTableHeader">
               <td width="100%">Name</td>
               <td nowrap="true">Started</td>
               <td nowrap="true">Duration</td>
               <td>Exception</td>
            </tr>
            <tr id="com.test.regression.cub.testscripts.ShoppingLists_createShoppingList_byStatus_failed_FAIL1_row"
                class="testMethodStatusFAIL">
               <td width="100%" class="firstMethodCell">
                  <a onclick="toggleDetailsVisibility('com.test.regression.cub.testscripts.ShoppingLists_createShoppingList_byStatus_failed_FAIL1_details')">createShoppingList()</a>
               </td>
               <td nowrap="true">15:01:03</td>
               <td nowrap="true" align="right">1m
                  11s
                  
               </td>
               <td nowrap="true">
                  <a onclick="toggleDetailsVisibility('com.test.regression.cub.testscripts.ShoppingLists_createShoppingList_byStatus_failed_FAIL1_exception')">java.lang.AssertionError: 
                     expected [true] but found [false]
                     
                  </a>
                   
                  
               </td>
            </tr>
            <tr>
               <td colspan="4" class="detailsBox">
                  <div id="com.test.regression.cub.testscripts.ShoppingLists_createShoppingList_byStatus_failed_FAIL1_details"
                       class="testMethodDetails">
                     <div>
                        <b>Name: </b>createShoppingList
                     </div>
                     <div>
                        <b>Signature: </b>createShoppingList()[pri:0, instance:com.test.regression.cub.testscripts.ShoppingLists@13a5fe33]
                     </div>
                     <div>
                        <b>Start time: </b>15:01:03
                     </div>
                     <div>
                        <b>End time: </b>15:02:14
                     </div>
                     <div>
                        <b>Duration: </b>1m
                        11s
                        
                     </div>
                  </div>
               </td>
            </tr>
            <tr>
               <td colspan="4" class="detailsBox">
                  <div id="com.test.regression.cub.testscripts.ShoppingLists_createShoppingList_byStatus_failed_FAIL1_exception"
                       class="testMethodDetails">
                     <pre style="padding: 5px; margin: 0;">java.lang.AssertionError: expected [true] but found [false]
                        	at org.testng.Assert.fail(Assert.java:94)
                        	at org.testng.Assert.failNotEquals(Assert.java:494)
                        	at org.testng.Assert.assertTrue(Assert.java:42)
                        	at org.testng.Assert.assertTrue(Assert.java:52)
                        	at com.test.regression.cub.testscripts.ShoppingLists.createShoppingList(ShoppingLists.java:55)
                        	at sun.reflect.NativeMethodAccessorImpl.invoke0(Native Method)
                        	at sun.reflect.NativeMethodAccessorImpl.invoke(Unknown Source)
                        	at sun.reflect.DelegatingMethodAccessorImpl.invoke(Unknown Source)
                        	at java.lang.reflect.Method.invoke(Unknown Source)
                        	at org.testng.internal.MethodInvocationHelper.invokeMethod(MethodInvocationHelper.java:80)
                        	at org.testng.internal.Invoker.invokeMethod(Invoker.java:714)
                        	at org.testng.internal.Invoker.invokeTestMethod(Invoker.java:901)
                        	at org.testng.internal.Invoker.invokeTestMethods(Invoker.java:1231)
                        	at org.testng.internal.TestMethodWorker.invokeTestMethods(TestMethodWorker.java:127)
                        	at org.testng.internal.TestMethodWorker.run(TestMethodWorker.java:111)
                        	at org.testng.TestRunner.privateRun(TestRunner.java:767)
                        	at org.testng.TestRunner.run(TestRunner.java:617)
                        	at org.testng.SuiteRunner.runTest(SuiteRunner.java:334)
                        	at org.testng.SuiteRunner.runSequentially(SuiteRunner.java:329)
                        	at org.testng.SuiteRunner.privateRun(SuiteRunner.java:291)
                        	at org.testng.SuiteRunner.run(SuiteRunner.java:240)
                        	at org.testng.SuiteRunnerWorker.runSuite(SuiteRunnerWorker.java:52)
                        	at org.testng.SuiteRunnerWorker.run(SuiteRunnerWorker.java:86)
                        	at org.testng.TestNG.runSuitesSequentially(TestNG.java:1198)
                        	at org.testng.TestNG.runSuitesLocally(TestNG.java:1123)
                        	at org.testng.TestNG.run(TestNG.java:1031)
                        	at org.testng.remote.AbstractRemoteTestNG.run(AbstractRemoteTestNG.java:126)
                        	at org.testng.remote.RemoteTestNG.initAndRun(RemoteTestNG.java:75)
                        	at org.testng.remote.RemoteTestNG.main(RemoteTestNG.java:46)
                     </pre>
                  </div>
               </td>
            </tr>
            <tr id="com.test.regression.cub.testscripts.ShoppingLists_initialization_byStatus_passed_PASS1_row"
                class="testMethodStatusPASS testMethodStatusCONF">
               <td width="100%" class="firstMethodCell">
                  <a onclick="toggleDetailsVisibility('com.test.regression.cub.testscripts.ShoppingLists_initialization_byStatus_passed_PASS1_details')">initialization(public void com.test.regression.cub.testscripts.ShoppingLists.createShoppingList())</a>
               </td>
               <td nowrap="true">15:00:01</td>
               <td nowrap="true" align="right">1m
                  2s
                  
               </td>
               <td nowrap="true">
                   
                  
               </td>
            </tr>
            <tr>
               <td colspan="4" class="detailsBox">
                  <div id="com.test.regression.cub.testscripts.ShoppingLists_initialization_byStatus_passed_PASS1_details"
                       class="testMethodDetails">
                     <div>
                        <b>Name: </b>initialization
                     </div>
                     <div>
                        <b>Signature: </b>initialization(java.lang.reflect.Method)[pri:0, instance:com.test.regression.cub.testscripts.ShoppingLists@13a5fe33]
                     </div>
                     <div>
                        <b>Parameters: </b>
                        
                        public void com.test.regression.cub.testscripts.ShoppingLists.createShoppingList()
                        
                        
                     </div>
                     <div>
                        <b>Start time: </b>15:00:01
                     </div>
                     <div>
                        <b>End time: </b>15:01:03
                     </div>
                     <div>
                        <b>Duration: </b>1m
                        2s
                        
                     </div>
                  </div>
               </td>
            </tr>
            <tr></tr>
            <tr id="com.test.regression.cub.testscripts.ShoppingLists_breakDown_byStatus_passed_PASS2_row"
                class="testMethodStatusPASS testMethodStatusCONF">
               <td width="100%" class="firstMethodCell">
                  <a onclick="toggleDetailsVisibility('com.test.regression.cub.testscripts.ShoppingLists_breakDown_byStatus_passed_PASS2_details')">breakDown([TestResult name=createShoppingList status=FAILURE method=ShoppingLists.createShoppingList()[pri:0, instance:com.test.regression.cub.testscripts.ShoppingLists@13a5fe33]
                     output={null}])
                  </a>
               </td>
               <td nowrap="true">15:02:14</td>
               <td nowrap="true" align="right">485 ms
                  
               </td>
               <td nowrap="true">
                   
                  
               </td>
            </tr>
            <tr>
               <td colspan="4" class="detailsBox">
                  <div id="com.test.regression.cub.testscripts.ShoppingLists_breakDown_byStatus_passed_PASS2_details"
                       class="testMethodDetails">
                     <div>
                        <b>Name: </b>breakDown
                     </div>
                     <div>
                        <b>Signature: </b>breakDown(org.testng.ITestResult)[pri:0, instance:com.test.regression.cub.testscripts.ShoppingLists@13a5fe33]
                     </div>
                     <div>
                        <b>Parameters: </b>
                        
                        [TestResult name=createShoppingList status=FAILURE method=ShoppingLists.createShoppingList()[pri:0, instance:com.test.regression.cub.testscripts.ShoppingLists@13a5fe33]
                        output={null}]
                        
                        
                     </div>
                     <div>
                        <b>Start time: </b>15:02:14
                     </div>
                     <div>
                        <b>End time: </b>15:02:15
                     </div>
                     <div>
                        <b>Duration: </b>485 ms
                        
                     </div>
                  </div>
               </td>
            </tr>
            <tr></tr>
            <tr id="com.test.regression.cub.testscripts.ShoppingLists_closeDriver_byStatus_passed_PASS3_row"
                class="testMethodStatusPASS testMethodStatusCONF">
               <td width="100%" class="firstMethodCell">
                  <a onclick="toggleDetailsVisibility('com.test.regression.cub.testscripts.ShoppingLists_closeDriver_byStatus_passed_PASS3_details')">closeDriver(public void com.test.regression.cub.testscripts.ShoppingLists.createShoppingList())</a>
               </td>
               <td nowrap="true">15:02:15</td>
               <td nowrap="true" align="right">3s
                  
               </td>
               <td nowrap="true">
                   
                  
               </td>
            </tr>
            <tr>
               <td colspan="4" class="detailsBox">
                  <div id="com.test.regression.cub.testscripts.ShoppingLists_closeDriver_byStatus_passed_PASS3_details"
                       class="testMethodDetails">
                     <div>
                        <b>Name: </b>closeDriver
                     </div>
                     <div>
                        <b>Signature: </b>closeDriver(java.lang.reflect.Method)[pri:0, instance:com.test.regression.cub.testscripts.ShoppingLists@13a5fe33]
                     </div>
                     <div>
                        <b>Parameters: </b>
                        
                        public void com.test.regression.cub.testscripts.ShoppingLists.createShoppingList()
                        
                        
                     </div>
                     <div>
                        <b>Start time: </b>15:02:15
                     </div>
                     <div>
                        <b>End time: </b>15:02:18
                     </div>
                     <div>
                        <b>Duration: </b>3s
                        
                     </div>
                  </div>
               </td>
            </tr>
            <tr></tr>
            <tr id="com.test.regression.cub.testscripts.ShoppingLists_initialization_byStatus_passed_PASS4_row"
                class="testMethodStatusPASS testMethodStatusCONF">
               <td width="100%" class="firstMethodCell">
                  <a onclick="toggleDetailsVisibility('com.test.regression.cub.testscripts.ShoppingLists_initialization_byStatus_passed_PASS4_details')">initialization(public void com.test.regression.cub.testscripts.ShoppingLists.Add3Items2ShoppingList())</a>
               </td>
               <td nowrap="true">15:02:18</td>
               <td nowrap="true" align="right">19s
                  
               </td>
               <td nowrap="true">
                   
                  
               </td>
            </tr>
            <tr>
               <td colspan="4" class="detailsBox">
                  <div id="com.test.regression.cub.testscripts.ShoppingLists_initialization_byStatus_passed_PASS4_details"
                       class="testMethodDetails">
                     <div>
                        <b>Name: </b>initialization
                     </div>
                     <div>
                        <b>Signature: </b>initialization(java.lang.reflect.Method)[pri:0, instance:com.test.regression.cub.testscripts.ShoppingLists@13a5fe33]
                     </div>
                     <div>
                        <b>Parameters: </b>
                        
                        public void com.test.regression.cub.testscripts.ShoppingLists.Add3Items2ShoppingList()
                        
                        
                     </div>
                     <div>
                        <b>Start time: </b>15:02:18
                     </div>
                     <div>
                        <b>End time: </b>15:02:38
                     </div>
                     <div>
                        <b>Duration: </b>19s
                        
                     </div>
                  </div>
               </td>
            </tr>
            <tr></tr>
            <tr id="com.test.regression.cub.testscripts.ShoppingLists_Add3Items2ShoppingList_byStatus_passed_PASS5_row"
                class="testMethodStatusPASS">
               <td width="100%" class="firstMethodCell">
                  <a onclick="toggleDetailsVisibility('com.test.regression.cub.testscripts.ShoppingLists_Add3Items2ShoppingList_byStatus_passed_PASS5_details')">Add3Items2ShoppingList()</a>
               </td>
               <td nowrap="true">15:02:38</td>
               <td nowrap="true" align="right">36s
                  
               </td>
               <td nowrap="true">
                   
                  
               </td>
            </tr>
            <tr>
               <td colspan="4" class="detailsBox">
                  <div id="com.test.regression.cub.testscripts.ShoppingLists_Add3Items2ShoppingList_byStatus_passed_PASS5_details"
                       class="testMethodDetails">
                     <div>
                        <b>Name: </b>Add3Items2ShoppingList
                     </div>
                     <div>
                        <b>Signature: </b>Add3Items2ShoppingList()[pri:0, instance:com.test.regression.cub.testscripts.ShoppingLists@13a5fe33]
                     </div>
                     <div>
                        <b>Start time: </b>15:02:38
                     </div>
                     <div>
                        <b>End time: </b>15:03:15
                     </div>
                     <div>
                        <b>Duration: </b>36s
                        
                     </div>
                  </div>
               </td>
            </tr>
            <tr></tr>
            <tr id="com.test.regression.cub.testscripts.ShoppingLists_closeDriver_byStatus_passed_PASS6_row"
                class="testMethodStatusPASS testMethodStatusCONF">
               <td width="100%" class="firstMethodCell">
                  <a onclick="toggleDetailsVisibility('com.test.regression.cub.testscripts.ShoppingLists_closeDriver_byStatus_passed_PASS6_details')">closeDriver(public void com.test.regression.cub.testscripts.ShoppingLists.Add3Items2ShoppingList())</a>
               </td>
               <td nowrap="true">15:03:15</td>
               <td nowrap="true" align="right">3s
                  
               </td>
               <td nowrap="true">
                   
                  
               </td>
            </tr>
            <tr>
               <td colspan="4" class="detailsBox">
                  <div id="com.test.regression.cub.testscripts.ShoppingLists_closeDriver_byStatus_passed_PASS6_details"
                       class="testMethodDetails">
                     <div>
                        <b>Name: </b>closeDriver
                     </div>
                     <div>
                        <b>Signature: </b>closeDriver(java.lang.reflect.Method)[pri:0, instance:com.test.regression.cub.testscripts.ShoppingLists@13a5fe33]
                     </div>
                     <div>
                        <b>Parameters: </b>
                        
                        public void com.test.regression.cub.testscripts.ShoppingLists.Add3Items2ShoppingList()
                        
                        
                     </div>
                     <div>
                        <b>Start time: </b>15:03:15
                     </div>
                     <div>
                        <b>End time: </b>15:03:18
                     </div>
                     <div>
                        <b>Duration: </b>3s
                        
                     </div>
                  </div>
               </td>
            </tr>
            <tr></tr>
            <tr id="com.test.regression.cub.testscripts.ShoppingLists_breakDown_byStatus_passed_PASS7_row"
                class="testMethodStatusPASS testMethodStatusCONF">
               <td width="100%" class="firstMethodCell">
                  <a onclick="toggleDetailsVisibility('com.test.regression.cub.testscripts.ShoppingLists_breakDown_byStatus_passed_PASS7_details')">breakDown([TestResult name=Add3Items2ShoppingList status=SUCCESS method=ShoppingLists.Add3Items2ShoppingList()[pri:0, instance:com.test.regression.cub.testscripts.ShoppingLists@13a5fe33]
                     output={null}])
                  </a>
               </td>
               <td nowrap="true">15:03:15</td>
               <td nowrap="true" align="right">0 ms
                  
               </td>
               <td nowrap="true">
                   
                  
               </td>
            </tr>
            <tr>
               <td colspan="4" class="detailsBox">
                  <div id="com.test.regression.cub.testscripts.ShoppingLists_breakDown_byStatus_passed_PASS7_details"
                       class="testMethodDetails">
                     <div>
                        <b>Name: </b>breakDown
                     </div>
                     <div>
                        <b>Signature: </b>breakDown(org.testng.ITestResult)[pri:0, instance:com.test.regression.cub.testscripts.ShoppingLists@13a5fe33]
                     </div>
                     <div>
                        <b>Parameters: </b>
                        
                        [TestResult name=Add3Items2ShoppingList status=SUCCESS method=ShoppingLists.Add3Items2ShoppingList()[pri:0, instance:com.test.regression.cub.testscripts.ShoppingLists@13a5fe33]
                        output={null}]
                        
                        
                     </div>
                     <div>
                        <b>Start time: </b>15:03:15
                     </div>
                     <div>
                        <b>End time: </b>15:03:15
                     </div>
                     <div>
                        <b>Duration: </b>0 ms
                        
                     </div>
                  </div>
               </td>
            </tr>
            <tr></tr>
            <tr id="com.test.regression.cub.testscripts.ShoppingLists_initialization_byStatus_passed_PASS8_row"
                class="testMethodStatusPASS testMethodStatusCONF">
               <td width="100%" class="firstMethodCell">
                  <a onclick="toggleDetailsVisibility('com.test.regression.cub.testscripts.ShoppingLists_initialization_byStatus_passed_PASS8_details')">initialization(public void com.test.regression.cub.testscripts.ShoppingLists.AddnEditItemsInShoppingList())</a>
               </td>
               <td nowrap="true">15:03:18</td>
               <td nowrap="true" align="right">18s
                  
               </td>
               <td nowrap="true">
                   
                  
               </td>
            </tr>
            <tr>
               <td colspan="4" class="detailsBox">
                  <div id="com.test.regression.cub.testscripts.ShoppingLists_initialization_byStatus_passed_PASS8_details"
                       class="testMethodDetails">
                     <div>
                        <b>Name: </b>initialization
                     </div>
                     <div>
                        <b>Signature: </b>initialization(java.lang.reflect.Method)[pri:0, instance:com.test.regression.cub.testscripts.ShoppingLists@13a5fe33]
                     </div>
                     <div>
                        <b>Parameters: </b>
                        
                        public void com.test.regression.cub.testscripts.ShoppingLists.AddnEditItemsInShoppingList()
                        
                        
                     </div>
                     <div>
                        <b>Start time: </b>15:03:18
                     </div>
                     <div>
                        <b>End time: </b>15:03:36
                     </div>
                     <div>
                        <b>Duration: </b>18s
                        
                     </div>
                  </div>
               </td>
            </tr>
            <tr></tr>
            <tr id="com.test.regression.cub.testscripts.ShoppingLists_AddnEditItemsInShoppingList_byStatus_passed_PASS9_row"
                class="testMethodStatusPASS">
               <td width="100%" class="firstMethodCell">
                  <a onclick="toggleDetailsVisibility('com.test.regression.cub.testscripts.ShoppingLists_AddnEditItemsInShoppingList_byStatus_passed_PASS9_details')">AddnEditItemsInShoppingList()</a>
               </td>
               <td nowrap="true">15:03:36</td>
               <td nowrap="true" align="right">55s
                  
               </td>
               <td nowrap="true">
                   
                  
               </td>
            </tr>
            <tr>
               <td colspan="4" class="detailsBox">
                  <div id="com.test.regression.cub.testscripts.ShoppingLists_AddnEditItemsInShoppingList_byStatus_passed_PASS9_details"
                       class="testMethodDetails">
                     <div>
                        <b>Name: </b>AddnEditItemsInShoppingList
                     </div>
                     <div>
                        <b>Signature: </b>AddnEditItemsInShoppingList()[pri:0, instance:com.test.regression.cub.testscripts.ShoppingLists@13a5fe33]
                     </div>
                     <div>
                        <b>Start time: </b>15:03:36
                     </div>
                     <div>
                        <b>End time: </b>15:04:32
                     </div>
                     <div>
                        <b>Duration: </b>55s
                        
                     </div>
                  </div>
               </td>
            </tr>
            <tr></tr>
            <tr id="com.test.regression.cub.testscripts.ShoppingLists_breakDown_byStatus_passed_PASS10_row"
                class="testMethodStatusPASS testMethodStatusCONF">
               <td width="100%" class="firstMethodCell">
                  <a onclick="toggleDetailsVisibility('com.test.regression.cub.testscripts.ShoppingLists_breakDown_byStatus_passed_PASS10_details')">breakDown([TestResult name=AddnEditItemsInShoppingList status=SUCCESS method=ShoppingLists.AddnEditItemsInShoppingList()[pri:0,
                     instance:com.test.regression.cub.testscripts.ShoppingLists@13a5fe33] output={null}])
                  </a>
               </td>
               <td nowrap="true">15:04:32</td>
               <td nowrap="true" align="right">0 ms
                  
               </td>
               <td nowrap="true">
                   
                  
               </td>
            </tr>
            <tr>
               <td colspan="4" class="detailsBox">
                  <div id="com.test.regression.cub.testscripts.ShoppingLists_breakDown_byStatus_passed_PASS10_details"
                       class="testMethodDetails">
                     <div>
                        <b>Name: </b>breakDown
                     </div>
                     <div>
                        <b>Signature: </b>breakDown(org.testng.ITestResult)[pri:0, instance:com.test.regression.cub.testscripts.ShoppingLists@13a5fe33]
                     </div>
                     <div>
                        <b>Parameters: </b>
                        
                        [TestResult name=AddnEditItemsInShoppingList status=SUCCESS method=ShoppingLists.AddnEditItemsInShoppingList()[pri:0, instance:com.test.regression.cub.testscripts.ShoppingLists@13a5fe33]
                        output={null}]
                        
                        
                     </div>
                     <div>
                        <b>Start time: </b>15:04:32
                     </div>
                     <div>
                        <b>End time: </b>15:04:32
                     </div>
                     <div>
                        <b>Duration: </b>0 ms
                        
                     </div>
                  </div>
               </td>
            </tr>
            <tr></tr>
            <tr id="com.test.regression.cub.testscripts.ShoppingLists_closeDriver_byStatus_passed_PASS11_row"
                class="testMethodStatusPASS testMethodStatusCONF">
               <td width="100%" class="firstMethodCell">
                  <a onclick="toggleDetailsVisibility('com.test.regression.cub.testscripts.ShoppingLists_closeDriver_byStatus_passed_PASS11_details')">closeDriver(public void com.test.regression.cub.testscripts.ShoppingLists.AddnEditItemsInShoppingList())</a>
               </td>
               <td nowrap="true">15:04:32</td>
               <td nowrap="true" align="right">6s
                  
               </td>
               <td nowrap="true">
                   
                  
               </td>
            </tr>
            <tr>
               <td colspan="4" class="detailsBox">
                  <div id="com.test.regression.cub.testscripts.ShoppingLists_closeDriver_byStatus_passed_PASS11_details"
                       class="testMethodDetails">
                     <div>
                        <b>Name: </b>closeDriver
                     </div>
                     <div>
                        <b>Signature: </b>closeDriver(java.lang.reflect.Method)[pri:0, instance:com.test.regression.cub.testscripts.ShoppingLists@13a5fe33]
                     </div>
                     <div>
                        <b>Parameters: </b>
                        
                        public void com.test.regression.cub.testscripts.ShoppingLists.AddnEditItemsInShoppingList()
                        
                        
                     </div>
                     <div>
                        <b>Start time: </b>15:04:32
                     </div>
                     <div>
                        <b>End time: </b>15:04:38
                     </div>
                     <div>
                        <b>Duration: </b>6s
                        
                     </div>
                  </div>
               </td>
            </tr>
            <tr></tr>
            <tr id="com.test.regression.cub.testscripts.ShoppingLists_initialization_byStatus_passed_PASS12_row"
                class="testMethodStatusPASS testMethodStatusCONF">
               <td width="100%" class="firstMethodCell">
                  <a onclick="toggleDetailsVisibility('com.test.regression.cub.testscripts.ShoppingLists_initialization_byStatus_passed_PASS12_details')">initialization(public void com.test.regression.cub.testscripts.ShoppingLists.deleteItemFromSL())</a>
               </td>
               <td nowrap="true">15:04:38</td>
               <td nowrap="true" align="right">40s
                  
               </td>
               <td nowrap="true">
                   
                  
               </td>
            </tr>
            <tr>
               <td colspan="4" class="detailsBox">
                  <div id="com.test.regression.cub.testscripts.ShoppingLists_initialization_byStatus_passed_PASS12_details"
                       class="testMethodDetails">
                     <div>
                        <b>Name: </b>initialization
                     </div>
                     <div>
                        <b>Signature: </b>initialization(java.lang.reflect.Method)[pri:0, instance:com.test.regression.cub.testscripts.ShoppingLists@13a5fe33]
                     </div>
                     <div>
                        <b>Parameters: </b>
                        
                        public void com.test.regression.cub.testscripts.ShoppingLists.deleteItemFromSL()
                        
                        
                     </div>
                     <div>
                        <b>Start time: </b>15:04:38
                     </div>
                     <div>
                        <b>End time: </b>15:05:19
                     </div>
                     <div>
                        <b>Duration: </b>40s
                        
                     </div>
                  </div>
               </td>
            </tr>
            <tr></tr>
            <tr id="com.test.regression.cub.testscripts.ShoppingLists_deleteItemFromSL_byStatus_passed_PASS13_row"
                class="testMethodStatusPASS">
               <td width="100%" class="firstMethodCell">
                  <a onclick="toggleDetailsVisibility('com.test.regression.cub.testscripts.ShoppingLists_deleteItemFromSL_byStatus_passed_PASS13_details')">deleteItemFromSL()</a>
               </td>
               <td nowrap="true">15:05:19</td>
               <td nowrap="true" align="right">1m
                  17s
                  
               </td>
               <td nowrap="true">
                   
                  
               </td>
            </tr>
            <tr>
               <td colspan="4" class="detailsBox">
                  <div id="com.test.regression.cub.testscripts.ShoppingLists_deleteItemFromSL_byStatus_passed_PASS13_details"
                       class="testMethodDetails">
                     <div>
                        <b>Name: </b>deleteItemFromSL
                     </div>
                     <div>
                        <b>Signature: </b>deleteItemFromSL()[pri:0, instance:com.test.regression.cub.testscripts.ShoppingLists@13a5fe33]
                     </div>
                     <div>
                        <b>Start time: </b>15:05:19
                     </div>
                     <div>
                        <b>End time: </b>15:06:36
                     </div>
                     <div>
                        <b>Duration: </b>1m
                        17s
                        
                     </div>
                  </div>
               </td>
            </tr>
            <tr></tr>
            <tr id="com.test.regression.cub.testscripts.ShoppingLists_breakDown_byStatus_passed_PASS14_row"
                class="testMethodStatusPASS testMethodStatusCONF">
               <td width="100%" class="firstMethodCell">
                  <a onclick="toggleDetailsVisibility('com.test.regression.cub.testscripts.ShoppingLists_breakDown_byStatus_passed_PASS14_details')">breakDown([TestResult name=deleteItemFromSL status=SUCCESS method=ShoppingLists.deleteItemFromSL()[pri:0, instance:com.test.regression.cub.testscripts.ShoppingLists@13a5fe33]
                     output={null}])
                  </a>
               </td>
               <td nowrap="true">15:06:36</td>
               <td nowrap="true" align="right">0 ms
                  
               </td>
               <td nowrap="true">
                   
                  
               </td>
            </tr>
            <tr>
               <td colspan="4" class="detailsBox">
                  <div id="com.test.regression.cub.testscripts.ShoppingLists_breakDown_byStatus_passed_PASS14_details"
                       class="testMethodDetails">
                     <div>
                        <b>Name: </b>breakDown
                     </div>
                     <div>
                        <b>Signature: </b>breakDown(org.testng.ITestResult)[pri:0, instance:com.test.regression.cub.testscripts.ShoppingLists@13a5fe33]
                     </div>
                     <div>
                        <b>Parameters: </b>
                        
                        [TestResult name=deleteItemFromSL status=SUCCESS method=ShoppingLists.deleteItemFromSL()[pri:0, instance:com.test.regression.cub.testscripts.ShoppingLists@13a5fe33]
                        output={null}]
                        
                        
                     </div>
                     <div>
                        <b>Start time: </b>15:06:36
                     </div>
                     <div>
                        <b>End time: </b>15:06:36
                     </div>
                     <div>
                        <b>Duration: </b>0 ms
                        
                     </div>
                  </div>
               </td>
            </tr>
            <tr></tr>
            <tr id="com.test.regression.cub.testscripts.ShoppingLists_closeDriver_byStatus_passed_PASS15_row"
                class="testMethodStatusPASS testMethodStatusCONF">
               <td width="100%" class="firstMethodCell">
                  <a onclick="toggleDetailsVisibility('com.test.regression.cub.testscripts.ShoppingLists_closeDriver_byStatus_passed_PASS15_details')">closeDriver(public void com.test.regression.cub.testscripts.ShoppingLists.deleteItemFromSL())</a>
               </td>
               <td nowrap="true">15:06:36</td>
               <td nowrap="true" align="right">3s
                  
               </td>
               <td nowrap="true">
                   
                  
               </td>
            </tr>
            <tr>
               <td colspan="4" class="detailsBox">
                  <div id="com.test.regression.cub.testscripts.ShoppingLists_closeDriver_byStatus_passed_PASS15_details"
                       class="testMethodDetails">
                     <div>
                        <b>Name: </b>closeDriver
                     </div>
                     <div>
                        <b>Signature: </b>closeDriver(java.lang.reflect.Method)[pri:0, instance:com.test.regression.cub.testscripts.ShoppingLists@13a5fe33]
                     </div>
                     <div>
                        <b>Parameters: </b>
                        
                        public void com.test.regression.cub.testscripts.ShoppingLists.deleteItemFromSL()
                        
                        
                     </div>
                     <div>
                        <b>Start time: </b>15:06:36
                     </div>
                     <div>
                        <b>End time: </b>15:06:40
                     </div>
                     <div>
                        <b>Duration: </b>3s
                        
                     </div>
                  </div>
               </td>
            </tr>
            <tr></tr>
            <tr id="com.test.regression.cub.testscripts.ShoppingLists_initialization_byStatus_passed_PASS16_row"
                class="testMethodStatusPASS testMethodStatusCONF">
               <td width="100%" class="firstMethodCell">
                  <a onclick="toggleDetailsVisibility('com.test.regression.cub.testscripts.ShoppingLists_initialization_byStatus_passed_PASS16_details')">initialization(public void com.test.regression.cub.testscripts.ShoppingLists.testClearList())</a>
               </td>
               <td nowrap="true">15:06:40</td>
               <td nowrap="true" align="right">17s
                  
               </td>
               <td nowrap="true">
                   
                  
               </td>
            </tr>
            <tr>
               <td colspan="4" class="detailsBox">
                  <div id="com.test.regression.cub.testscripts.ShoppingLists_initialization_byStatus_passed_PASS16_details"
                       class="testMethodDetails">
                     <div>
                        <b>Name: </b>initialization
                     </div>
                     <div>
                        <b>Signature: </b>initialization(java.lang.reflect.Method)[pri:0, instance:com.test.regression.cub.testscripts.ShoppingLists@13a5fe33]
                     </div>
                     <div>
                        <b>Parameters: </b>
                        
                        public void com.test.regression.cub.testscripts.ShoppingLists.testClearList()
                        
                        
                     </div>
                     <div>
                        <b>Start time: </b>15:06:40
                     </div>
                     <div>
                        <b>End time: </b>15:06:57
                     </div>
                     <div>
                        <b>Duration: </b>17s
                        
                     </div>
                  </div>
               </td>
            </tr>
            <tr></tr>
            <tr id="com.test.regression.cub.testscripts.ShoppingLists_testClearList_byStatus_passed_PASS17_row"
                class="testMethodStatusPASS">
               <td width="100%" class="firstMethodCell">
                  <a onclick="toggleDetailsVisibility('com.test.regression.cub.testscripts.ShoppingLists_testClearList_byStatus_passed_PASS17_details')">testClearList()</a>
               </td>
               <td nowrap="true">15:06:57</td>
               <td nowrap="true" align="right">1m
                  16s
                  
               </td>
               <td nowrap="true">
                   
                  
               </td>
            </tr>
            <tr>
               <td colspan="4" class="detailsBox">
                  <div id="com.test.regression.cub.testscripts.ShoppingLists_testClearList_byStatus_passed_PASS17_details"
                       class="testMethodDetails">
                     <div>
                        <b>Name: </b>testClearList
                     </div>
                     <div>
                        <b>Signature: </b>testClearList()[pri:0, instance:com.test.regression.cub.testscripts.ShoppingLists@13a5fe33]
                     </div>
                     <div>
                        <b>Start time: </b>15:06:57
                     </div>
                     <div>
                        <b>End time: </b>15:08:14
                     </div>
                     <div>
                        <b>Duration: </b>1m
                        16s
                        
                     </div>
                  </div>
               </td>
            </tr>
            <tr></tr>
            <tr id="com.test.regression.cub.testscripts.ShoppingLists_breakDown_byStatus_passed_PASS18_row"
                class="testMethodStatusPASS testMethodStatusCONF">
               <td width="100%" class="firstMethodCell">
                  <a onclick="toggleDetailsVisibility('com.test.regression.cub.testscripts.ShoppingLists_breakDown_byStatus_passed_PASS18_details')">breakDown([TestResult name=testClearList status=SUCCESS method=ShoppingLists.testClearList()[pri:0, instance:com.test.regression.cub.testscripts.ShoppingLists@13a5fe33]
                     output={null}])
                  </a>
               </td>
               <td nowrap="true">15:08:14</td>
               <td nowrap="true" align="right">0 ms
                  
               </td>
               <td nowrap="true">
                   
                  
               </td>
            </tr>
            <tr>
               <td colspan="4" class="detailsBox">
                  <div id="com.test.regression.cub.testscripts.ShoppingLists_breakDown_byStatus_passed_PASS18_details"
                       class="testMethodDetails">
                     <div>
                        <b>Name: </b>breakDown
                     </div>
                     <div>
                        <b>Signature: </b>breakDown(org.testng.ITestResult)[pri:0, instance:com.test.regression.cub.testscripts.ShoppingLists@13a5fe33]
                     </div>
                     <div>
                        <b>Parameters: </b>
                        
                        [TestResult name=testClearList status=SUCCESS method=ShoppingLists.testClearList()[pri:0, instance:com.test.regression.cub.testscripts.ShoppingLists@13a5fe33]
                        output={null}]
                        
                        
                     </div>
                     <div>
                        <b>Start time: </b>15:08:14
                     </div>
                     <div>
                        <b>End time: </b>15:08:14
                     </div>
                     <div>
                        <b>Duration: </b>0 ms
                        
                     </div>
                  </div>
               </td>
            </tr>
            <tr></tr>
            <tr id="com.test.regression.cub.testscripts.ShoppingLists_closeDriver_byStatus_passed_PASS19_row"
                class="testMethodStatusPASS testMethodStatusCONF">
               <td width="100%" class="firstMethodCell">
                  <a onclick="toggleDetailsVisibility('com.test.regression.cub.testscripts.ShoppingLists_closeDriver_byStatus_passed_PASS19_details')">closeDriver(public void com.test.regression.cub.testscripts.ShoppingLists.testClearList())</a>
               </td>
               <td nowrap="true">15:08:14</td>
               <td nowrap="true" align="right">3s
                  
               </td>
               <td nowrap="true">
                   
                  
               </td>
            </tr>
            <tr>
               <td colspan="4" class="detailsBox">
                  <div id="com.test.regression.cub.testscripts.ShoppingLists_closeDriver_byStatus_passed_PASS19_details"
                       class="testMethodDetails">
                     <div>
                        <b>Name: </b>closeDriver
                     </div>
                     <div>
                        <b>Signature: </b>closeDriver(java.lang.reflect.Method)[pri:0, instance:com.test.regression.cub.testscripts.ShoppingLists@13a5fe33]
                     </div>
                     <div>
                        <b>Parameters: </b>
                        
                        public void com.test.regression.cub.testscripts.ShoppingLists.testClearList()
                        
                        
                     </div>
                     <div>
                        <b>Start time: </b>15:08:14
                     </div>
                     <div>
                        <b>End time: </b>15:08:18
                     </div>
                     <div>
                        <b>Duration: </b>3s
                        
                     </div>
                  </div>
               </td>
            </tr>
            <tr></tr>
         </table>
      </div>
      <div id="testMethodsByClass">
         <table class="testMethodsTable" cellpadding="0" cellspacing="0">
            <tr>
               <td colspan="4">
                  <h3 style="display: inline;">com.test.regression.cub.testscripts.ShoppingLists</h3>
               </td>
            </tr>
            <tr class="methodsTableHeader">
               <td width="100%">Name</td>
               <td nowrap="true">Started</td>
               <td nowrap="true">Duration</td>
               <td>Exception</td>
            </tr>
            <tr id="com.test.regression.cub.testscripts.ShoppingLists_initialization_byClass_PASS1_row"
                class="testMethodStatusPASS testMethodStatusCONF">
               <td width="100%" class="firstMethodCell">
                  <a onclick="toggleDetailsVisibility('com.test.regression.cub.testscripts.ShoppingLists_initialization_byClass_PASS1_details')">initialization(public void com.test.regression.cub.testscripts.ShoppingLists.createShoppingList())</a>
               </td>
               <td nowrap="true">15:00:01</td>
               <td nowrap="true" align="right">1m
                  2s
                  
               </td>
               <td nowrap="true">
                   
                  
               </td>
            </tr>
            <tr>
               <td colspan="4" class="detailsBox">
                  <div id="com.test.regression.cub.testscripts.ShoppingLists_initialization_byClass_PASS1_details"
                       class="testMethodDetails">
                     <div>
                        <b>Name: </b>initialization
                     </div>
                     <div>
                        <b>Signature: </b>initialization(java.lang.reflect.Method)[pri:0, instance:com.test.regression.cub.testscripts.ShoppingLists@13a5fe33]
                     </div>
                     <div>
                        <b>Parameters: </b>
                        
                        public void com.test.regression.cub.testscripts.ShoppingLists.createShoppingList()
                        
                        
                     </div>
                     <div>
                        <b>Start time: </b>15:00:01
                     </div>
                     <div>
                        <b>End time: </b>15:01:03
                     </div>
                     <div>
                        <b>Duration: </b>1m
                        2s
                        
                     </div>
                  </div>
               </td>
            </tr>
            <tr></tr>
            <tr id="com.test.regression.cub.testscripts.ShoppingLists_createShoppingList_byClass_FAIL2_row"
                class="testMethodStatusFAIL">
               <td width="100%" class="firstMethodCell">
                  <a onclick="toggleDetailsVisibility('com.test.regression.cub.testscripts.ShoppingLists_createShoppingList_byClass_FAIL2_details')">createShoppingList()</a>
               </td>
               <td nowrap="true">15:01:03</td>
               <td nowrap="true" align="right">1m
                  11s
                  
               </td>
               <td nowrap="true">
                  <a onclick="toggleDetailsVisibility('com.test.regression.cub.testscripts.ShoppingLists_createShoppingList_byClass_FAIL2_exception')">java.lang.AssertionError: 
                     expected [true] but found [false]
                     
                  </a>
                   
                  
               </td>
            </tr>
            <tr>
               <td colspan="4" class="detailsBox">
                  <div id="com.test.regression.cub.testscripts.ShoppingLists_createShoppingList_byClass_FAIL2_details"
                       class="testMethodDetails">
                     <div>
                        <b>Name: </b>createShoppingList
                     </div>
                     <div>
                        <b>Signature: </b>createShoppingList()[pri:0, instance:com.test.regression.cub.testscripts.ShoppingLists@13a5fe33]
                     </div>
                     <div>
                        <b>Start time: </b>15:01:03
                     </div>
                     <div>
                        <b>End time: </b>15:02:14
                     </div>
                     <div>
                        <b>Duration: </b>1m
                        11s
                        
                     </div>
                  </div>
               </td>
            </tr>
            <tr>
               <td colspan="4" class="detailsBox">
                  <div id="com.test.regression.cub.testscripts.ShoppingLists_createShoppingList_byClass_FAIL2_exception"
                       class="testMethodDetails">
                     <pre style="padding: 5px; margin: 0;">java.lang.AssertionError: expected [true] but found [false]
                        	at org.testng.Assert.fail(Assert.java:94)
                        	at org.testng.Assert.failNotEquals(Assert.java:494)
                        	at org.testng.Assert.assertTrue(Assert.java:42)
                        	at org.testng.Assert.assertTrue(Assert.java:52)
                        	at com.test.regression.cub.testscripts.ShoppingLists.createShoppingList(ShoppingLists.java:55)
                        	at sun.reflect.NativeMethodAccessorImpl.invoke0(Native Method)
                        	at sun.reflect.NativeMethodAccessorImpl.invoke(Unknown Source)
                        	at sun.reflect.DelegatingMethodAccessorImpl.invoke(Unknown Source)
                        	at java.lang.reflect.Method.invoke(Unknown Source)
                        	at org.testng.internal.MethodInvocationHelper.invokeMethod(MethodInvocationHelper.java:80)
                        	at org.testng.internal.Invoker.invokeMethod(Invoker.java:714)
                        	at org.testng.internal.Invoker.invokeTestMethod(Invoker.java:901)
                        	at org.testng.internal.Invoker.invokeTestMethods(Invoker.java:1231)
                        	at org.testng.internal.TestMethodWorker.invokeTestMethods(TestMethodWorker.java:127)
                        	at org.testng.internal.TestMethodWorker.run(TestMethodWorker.java:111)
                        	at org.testng.TestRunner.privateRun(TestRunner.java:767)
                        	at org.testng.TestRunner.run(TestRunner.java:617)
                        	at org.testng.SuiteRunner.runTest(SuiteRunner.java:334)
                        	at org.testng.SuiteRunner.runSequentially(SuiteRunner.java:329)
                        	at org.testng.SuiteRunner.privateRun(SuiteRunner.java:291)
                        	at org.testng.SuiteRunner.run(SuiteRunner.java:240)
                        	at org.testng.SuiteRunnerWorker.runSuite(SuiteRunnerWorker.java:52)
                        	at org.testng.SuiteRunnerWorker.run(SuiteRunnerWorker.java:86)
                        	at org.testng.TestNG.runSuitesSequentially(TestNG.java:1198)
                        	at org.testng.TestNG.runSuitesLocally(TestNG.java:1123)
                        	at org.testng.TestNG.run(TestNG.java:1031)
                        	at org.testng.remote.AbstractRemoteTestNG.run(AbstractRemoteTestNG.java:126)
                        	at org.testng.remote.RemoteTestNG.initAndRun(RemoteTestNG.java:75)
                        	at org.testng.remote.RemoteTestNG.main(RemoteTestNG.java:46)
                     </pre>
                  </div>
               </td>
            </tr>
            <tr id="com.test.regression.cub.testscripts.ShoppingLists_breakDown_byClass_PASS3_row"
                class="testMethodStatusPASS testMethodStatusCONF">
               <td width="100%" class="firstMethodCell">
                  <a onclick="toggleDetailsVisibility('com.test.regression.cub.testscripts.ShoppingLists_breakDown_byClass_PASS3_details')">breakDown([TestResult name=createShoppingList status=FAILURE method=ShoppingLists.createShoppingList()[pri:0, instance:com.test.regression.cub.testscripts.ShoppingLists@13a5fe33]
                     output={null}])
                  </a>
               </td>
               <td nowrap="true">15:02:14</td>
               <td nowrap="true" align="right">485 ms
                  
               </td>
               <td nowrap="true">
                   
                  
               </td>
            </tr>
            <tr>
               <td colspan="4" class="detailsBox">
                  <div id="com.test.regression.cub.testscripts.ShoppingLists_breakDown_byClass_PASS3_details"
                       class="testMethodDetails">
                     <div>
                        <b>Name: </b>breakDown
                     </div>
                     <div>
                        <b>Signature: </b>breakDown(org.testng.ITestResult)[pri:0, instance:com.test.regression.cub.testscripts.ShoppingLists@13a5fe33]
                     </div>
                     <div>
                        <b>Parameters: </b>
                        
                        [TestResult name=createShoppingList status=FAILURE method=ShoppingLists.createShoppingList()[pri:0, instance:com.test.regression.cub.testscripts.ShoppingLists@13a5fe33]
                        output={null}]
                        
                        
                     </div>
                     <div>
                        <b>Start time: </b>15:02:14
                     </div>
                     <div>
                        <b>End time: </b>15:02:15
                     </div>
                     <div>
                        <b>Duration: </b>485 ms
                        
                     </div>
                  </div>
               </td>
            </tr>
            <tr></tr>
            <tr id="com.test.regression.cub.testscripts.ShoppingLists_closeDriver_byClass_PASS4_row"
                class="testMethodStatusPASS testMethodStatusCONF">
               <td width="100%" class="firstMethodCell">
                  <a onclick="toggleDetailsVisibility('com.test.regression.cub.testscripts.ShoppingLists_closeDriver_byClass_PASS4_details')">closeDriver(public void com.test.regression.cub.testscripts.ShoppingLists.createShoppingList())</a>
               </td>
               <td nowrap="true">15:02:15</td>
               <td nowrap="true" align="right">3s
                  
               </td>
               <td nowrap="true">
                   
                  
               </td>
            </tr>
            <tr>
               <td colspan="4" class="detailsBox">
                  <div id="com.test.regression.cub.testscripts.ShoppingLists_closeDriver_byClass_PASS4_details"
                       class="testMethodDetails">
                     <div>
                        <b>Name: </b>closeDriver
                     </div>
                     <div>
                        <b>Signature: </b>closeDriver(java.lang.reflect.Method)[pri:0, instance:com.test.regression.cub.testscripts.ShoppingLists@13a5fe33]
                     </div>
                     <div>
                        <b>Parameters: </b>
                        
                        public void com.test.regression.cub.testscripts.ShoppingLists.createShoppingList()
                        
                        
                     </div>
                     <div>
                        <b>Start time: </b>15:02:15
                     </div>
                     <div>
                        <b>End time: </b>15:02:18
                     </div>
                     <div>
                        <b>Duration: </b>3s
                        
                     </div>
                  </div>
               </td>
            </tr>
            <tr></tr>
            <tr id="com.test.regression.cub.testscripts.ShoppingLists_initialization_byClass_PASS5_row"
                class="testMethodStatusPASS testMethodStatusCONF">
               <td width="100%" class="firstMethodCell">
                  <a onclick="toggleDetailsVisibility('com.test.regression.cub.testscripts.ShoppingLists_initialization_byClass_PASS5_details')">initialization(public void com.test.regression.cub.testscripts.ShoppingLists.Add3Items2ShoppingList())</a>
               </td>
               <td nowrap="true">15:02:18</td>
               <td nowrap="true" align="right">19s
                  
               </td>
               <td nowrap="true">
                   
                  
               </td>
            </tr>
            <tr>
               <td colspan="4" class="detailsBox">
                  <div id="com.test.regression.cub.testscripts.ShoppingLists_initialization_byClass_PASS5_details"
                       class="testMethodDetails">
                     <div>
                        <b>Name: </b>initialization
                     </div>
                     <div>
                        <b>Signature: </b>initialization(java.lang.reflect.Method)[pri:0, instance:com.test.regression.cub.testscripts.ShoppingLists@13a5fe33]
                     </div>
                     <div>
                        <b>Parameters: </b>
                        
                        public void com.test.regression.cub.testscripts.ShoppingLists.Add3Items2ShoppingList()
                        
                        
                     </div>
                     <div>
                        <b>Start time: </b>15:02:18
                     </div>
                     <div>
                        <b>End time: </b>15:02:38
                     </div>
                     <div>
                        <b>Duration: </b>19s
                        
                     </div>
                  </div>
               </td>
            </tr>
            <tr></tr>
            <tr id="com.test.regression.cub.testscripts.ShoppingLists_Add3Items2ShoppingList_byClass_PASS6_row"
                class="testMethodStatusPASS">
               <td width="100%" class="firstMethodCell">
                  <a onclick="toggleDetailsVisibility('com.test.regression.cub.testscripts.ShoppingLists_Add3Items2ShoppingList_byClass_PASS6_details')">Add3Items2ShoppingList()</a>
               </td>
               <td nowrap="true">15:02:38</td>
               <td nowrap="true" align="right">36s
                  
               </td>
               <td nowrap="true">
                   
                  
               </td>
            </tr>
            <tr>
               <td colspan="4" class="detailsBox">
                  <div id="com.test.regression.cub.testscripts.ShoppingLists_Add3Items2ShoppingList_byClass_PASS6_details"
                       class="testMethodDetails">
                     <div>
                        <b>Name: </b>Add3Items2ShoppingList
                     </div>
                     <div>
                        <b>Signature: </b>Add3Items2ShoppingList()[pri:0, instance:com.test.regression.cub.testscripts.ShoppingLists@13a5fe33]
                     </div>
                     <div>
                        <b>Start time: </b>15:02:38
                     </div>
                     <div>
                        <b>End time: </b>15:03:15
                     </div>
                     <div>
                        <b>Duration: </b>36s
                        
                     </div>
                  </div>
               </td>
            </tr>
            <tr></tr>
            <tr id="com.test.regression.cub.testscripts.ShoppingLists_closeDriver_byClass_PASS7_row"
                class="testMethodStatusPASS testMethodStatusCONF">
               <td width="100%" class="firstMethodCell">
                  <a onclick="toggleDetailsVisibility('com.test.regression.cub.testscripts.ShoppingLists_closeDriver_byClass_PASS7_details')">closeDriver(public void com.test.regression.cub.testscripts.ShoppingLists.Add3Items2ShoppingList())</a>
               </td>
               <td nowrap="true">15:03:15</td>
               <td nowrap="true" align="right">3s
                  
               </td>
               <td nowrap="true">
                   
                  
               </td>
            </tr>
            <tr>
               <td colspan="4" class="detailsBox">
                  <div id="com.test.regression.cub.testscripts.ShoppingLists_closeDriver_byClass_PASS7_details"
                       class="testMethodDetails">
                     <div>
                        <b>Name: </b>closeDriver
                     </div>
                     <div>
                        <b>Signature: </b>closeDriver(java.lang.reflect.Method)[pri:0, instance:com.test.regression.cub.testscripts.ShoppingLists@13a5fe33]
                     </div>
                     <div>
                        <b>Parameters: </b>
                        
                        public void com.test.regression.cub.testscripts.ShoppingLists.Add3Items2ShoppingList()
                        
                        
                     </div>
                     <div>
                        <b>Start time: </b>15:03:15
                     </div>
                     <div>
                        <b>End time: </b>15:03:18
                     </div>
                     <div>
                        <b>Duration: </b>3s
                        
                     </div>
                  </div>
               </td>
            </tr>
            <tr></tr>
            <tr id="com.test.regression.cub.testscripts.ShoppingLists_breakDown_byClass_PASS8_row"
                class="testMethodStatusPASS testMethodStatusCONF">
               <td width="100%" class="firstMethodCell">
                  <a onclick="toggleDetailsVisibility('com.test.regression.cub.testscripts.ShoppingLists_breakDown_byClass_PASS8_details')">breakDown([TestResult name=Add3Items2ShoppingList status=SUCCESS method=ShoppingLists.Add3Items2ShoppingList()[pri:0, instance:com.test.regression.cub.testscripts.ShoppingLists@13a5fe33]
                     output={null}])
                  </a>
               </td>
               <td nowrap="true">15:03:15</td>
               <td nowrap="true" align="right">0 ms
                  
               </td>
               <td nowrap="true">
                   
                  
               </td>
            </tr>
            <tr>
               <td colspan="4" class="detailsBox">
                  <div id="com.test.regression.cub.testscripts.ShoppingLists_breakDown_byClass_PASS8_details"
                       class="testMethodDetails">
                     <div>
                        <b>Name: </b>breakDown
                     </div>
                     <div>
                        <b>Signature: </b>breakDown(org.testng.ITestResult)[pri:0, instance:com.test.regression.cub.testscripts.ShoppingLists@13a5fe33]
                     </div>
                     <div>
                        <b>Parameters: </b>
                        
                        [TestResult name=Add3Items2ShoppingList status=SUCCESS method=ShoppingLists.Add3Items2ShoppingList()[pri:0, instance:com.test.regression.cub.testscripts.ShoppingLists@13a5fe33]
                        output={null}]
                        
                        
                     </div>
                     <div>
                        <b>Start time: </b>15:03:15
                     </div>
                     <div>
                        <b>End time: </b>15:03:15
                     </div>
                     <div>
                        <b>Duration: </b>0 ms
                        
                     </div>
                  </div>
               </td>
            </tr>
            <tr></tr>
            <tr id="com.test.regression.cub.testscripts.ShoppingLists_initialization_byClass_PASS9_row"
                class="testMethodStatusPASS testMethodStatusCONF">
               <td width="100%" class="firstMethodCell">
                  <a onclick="toggleDetailsVisibility('com.test.regression.cub.testscripts.ShoppingLists_initialization_byClass_PASS9_details')">initialization(public void com.test.regression.cub.testscripts.ShoppingLists.AddnEditItemsInShoppingList())</a>
               </td>
               <td nowrap="true">15:03:18</td>
               <td nowrap="true" align="right">18s
                  
               </td>
               <td nowrap="true">
                   
                  
               </td>
            </tr>
            <tr>
               <td colspan="4" class="detailsBox">
                  <div id="com.test.regression.cub.testscripts.ShoppingLists_initialization_byClass_PASS9_details"
                       class="testMethodDetails">
                     <div>
                        <b>Name: </b>initialization
                     </div>
                     <div>
                        <b>Signature: </b>initialization(java.lang.reflect.Method)[pri:0, instance:com.test.regression.cub.testscripts.ShoppingLists@13a5fe33]
                     </div>
                     <div>
                        <b>Parameters: </b>
                        
                        public void com.test.regression.cub.testscripts.ShoppingLists.AddnEditItemsInShoppingList()
                        
                        
                     </div>
                     <div>
                        <b>Start time: </b>15:03:18
                     </div>
                     <div>
                        <b>End time: </b>15:03:36
                     </div>
                     <div>
                        <b>Duration: </b>18s
                        
                     </div>
                  </div>
               </td>
            </tr>
            <tr></tr>
            <tr id="com.test.regression.cub.testscripts.ShoppingLists_AddnEditItemsInShoppingList_byClass_PASS10_row"
                class="testMethodStatusPASS">
               <td width="100%" class="firstMethodCell">
                  <a onclick="toggleDetailsVisibility('com.test.regression.cub.testscripts.ShoppingLists_AddnEditItemsInShoppingList_byClass_PASS10_details')">AddnEditItemsInShoppingList()</a>
               </td>
               <td nowrap="true">15:03:36</td>
               <td nowrap="true" align="right">55s
                  
               </td>
               <td nowrap="true">
                   
                  
               </td>
            </tr>
            <tr>
               <td colspan="4" class="detailsBox">
                  <div id="com.test.regression.cub.testscripts.ShoppingLists_AddnEditItemsInShoppingList_byClass_PASS10_details"
                       class="testMethodDetails">
                     <div>
                        <b>Name: </b>AddnEditItemsInShoppingList
                     </div>
                     <div>
                        <b>Signature: </b>AddnEditItemsInShoppingList()[pri:0, instance:com.test.regression.cub.testscripts.ShoppingLists@13a5fe33]
                     </div>
                     <div>
                        <b>Start time: </b>15:03:36
                     </div>
                     <div>
                        <b>End time: </b>15:04:32
                     </div>
                     <div>
                        <b>Duration: </b>55s
                        
                     </div>
                  </div>
               </td>
            </tr>
            <tr></tr>
            <tr id="com.test.regression.cub.testscripts.ShoppingLists_breakDown_byClass_PASS11_row"
                class="testMethodStatusPASS testMethodStatusCONF">
               <td width="100%" class="firstMethodCell">
                  <a onclick="toggleDetailsVisibility('com.test.regression.cub.testscripts.ShoppingLists_breakDown_byClass_PASS11_details')">breakDown([TestResult name=AddnEditItemsInShoppingList status=SUCCESS method=ShoppingLists.AddnEditItemsInShoppingList()[pri:0,
                     instance:com.test.regression.cub.testscripts.ShoppingLists@13a5fe33] output={null}])
                  </a>
               </td>
               <td nowrap="true">15:04:32</td>
               <td nowrap="true" align="right">0 ms
                  
               </td>
               <td nowrap="true">
                   
                  
               </td>
            </tr>
            <tr>
               <td colspan="4" class="detailsBox">
                  <div id="com.test.regression.cub.testscripts.ShoppingLists_breakDown_byClass_PASS11_details"
                       class="testMethodDetails">
                     <div>
                        <b>Name: </b>breakDown
                     </div>
                     <div>
                        <b>Signature: </b>breakDown(org.testng.ITestResult)[pri:0, instance:com.test.regression.cub.testscripts.ShoppingLists@13a5fe33]
                     </div>
                     <div>
                        <b>Parameters: </b>
                        
                        [TestResult name=AddnEditItemsInShoppingList status=SUCCESS method=ShoppingLists.AddnEditItemsInShoppingList()[pri:0, instance:com.test.regression.cub.testscripts.ShoppingLists@13a5fe33]
                        output={null}]
                        
                        
                     </div>
                     <div>
                        <b>Start time: </b>15:04:32
                     </div>
                     <div>
                        <b>End time: </b>15:04:32
                     </div>
                     <div>
                        <b>Duration: </b>0 ms
                        
                     </div>
                  </div>
               </td>
            </tr>
            <tr></tr>
            <tr id="com.test.regression.cub.testscripts.ShoppingLists_closeDriver_byClass_PASS12_row"
                class="testMethodStatusPASS testMethodStatusCONF">
               <td width="100%" class="firstMethodCell">
                  <a onclick="toggleDetailsVisibility('com.test.regression.cub.testscripts.ShoppingLists_closeDriver_byClass_PASS12_details')">closeDriver(public void com.test.regression.cub.testscripts.ShoppingLists.AddnEditItemsInShoppingList())</a>
               </td>
               <td nowrap="true">15:04:32</td>
               <td nowrap="true" align="right">6s
                  
               </td>
               <td nowrap="true">
                   
                  
               </td>
            </tr>
            <tr>
               <td colspan="4" class="detailsBox">
                  <div id="com.test.regression.cub.testscripts.ShoppingLists_closeDriver_byClass_PASS12_details"
                       class="testMethodDetails">
                     <div>
                        <b>Name: </b>closeDriver
                     </div>
                     <div>
                        <b>Signature: </b>closeDriver(java.lang.reflect.Method)[pri:0, instance:com.test.regression.cub.testscripts.ShoppingLists@13a5fe33]
                     </div>
                     <div>
                        <b>Parameters: </b>
                        
                        public void com.test.regression.cub.testscripts.ShoppingLists.AddnEditItemsInShoppingList()
                        
                        
                     </div>
                     <div>
                        <b>Start time: </b>15:04:32
                     </div>
                     <div>
                        <b>End time: </b>15:04:38
                     </div>
                     <div>
                        <b>Duration: </b>6s
                        
                     </div>
                  </div>
               </td>
            </tr>
            <tr></tr>
            <tr id="com.test.regression.cub.testscripts.ShoppingLists_initialization_byClass_PASS13_row"
                class="testMethodStatusPASS testMethodStatusCONF">
               <td width="100%" class="firstMethodCell">
                  <a onclick="toggleDetailsVisibility('com.test.regression.cub.testscripts.ShoppingLists_initialization_byClass_PASS13_details')">initialization(public void com.test.regression.cub.testscripts.ShoppingLists.deleteItemFromSL())</a>
               </td>
               <td nowrap="true">15:04:38</td>
               <td nowrap="true" align="right">40s
                  
               </td>
               <td nowrap="true">
                   
                  
               </td>
            </tr>
            <tr>
               <td colspan="4" class="detailsBox">
                  <div id="com.test.regression.cub.testscripts.ShoppingLists_initialization_byClass_PASS13_details"
                       class="testMethodDetails">
                     <div>
                        <b>Name: </b>initialization
                     </div>
                     <div>
                        <b>Signature: </b>initialization(java.lang.reflect.Method)[pri:0, instance:com.test.regression.cub.testscripts.ShoppingLists@13a5fe33]
                     </div>
                     <div>
                        <b>Parameters: </b>
                        
                        public void com.test.regression.cub.testscripts.ShoppingLists.deleteItemFromSL()
                        
                        
                     </div>
                     <div>
                        <b>Start time: </b>15:04:38
                     </div>
                     <div>
                        <b>End time: </b>15:05:19
                     </div>
                     <div>
                        <b>Duration: </b>40s
                        
                     </div>
                  </div>
               </td>
            </tr>
            <tr></tr>
            <tr id="com.test.regression.cub.testscripts.ShoppingLists_deleteItemFromSL_byClass_PASS14_row"
                class="testMethodStatusPASS">
               <td width="100%" class="firstMethodCell">
                  <a onclick="toggleDetailsVisibility('com.test.regression.cub.testscripts.ShoppingLists_deleteItemFromSL_byClass_PASS14_details')">deleteItemFromSL()</a>
               </td>
               <td nowrap="true">15:05:19</td>
               <td nowrap="true" align="right">1m
                  17s
                  
               </td>
               <td nowrap="true">
                   
                  
               </td>
            </tr>
            <tr>
               <td colspan="4" class="detailsBox">
                  <div id="com.test.regression.cub.testscripts.ShoppingLists_deleteItemFromSL_byClass_PASS14_details"
                       class="testMethodDetails">
                     <div>
                        <b>Name: </b>deleteItemFromSL
                     </div>
                     <div>
                        <b>Signature: </b>deleteItemFromSL()[pri:0, instance:com.test.regression.cub.testscripts.ShoppingLists@13a5fe33]
                     </div>
                     <div>
                        <b>Start time: </b>15:05:19
                     </div>
                     <div>
                        <b>End time: </b>15:06:36
                     </div>
                     <div>
                        <b>Duration: </b>1m
                        17s
                        
                     </div>
                  </div>
               </td>
            </tr>
            <tr></tr>
            <tr id="com.test.regression.cub.testscripts.ShoppingLists_breakDown_byClass_PASS15_row"
                class="testMethodStatusPASS testMethodStatusCONF">
               <td width="100%" class="firstMethodCell">
                  <a onclick="toggleDetailsVisibility('com.test.regression.cub.testscripts.ShoppingLists_breakDown_byClass_PASS15_details')">breakDown([TestResult name=deleteItemFromSL status=SUCCESS method=ShoppingLists.deleteItemFromSL()[pri:0, instance:com.test.regression.cub.testscripts.ShoppingLists@13a5fe33]
                     output={null}])
                  </a>
               </td>
               <td nowrap="true">15:06:36</td>
               <td nowrap="true" align="right">0 ms
                  
               </td>
               <td nowrap="true">
                   
                  
               </td>
            </tr>
            <tr>
               <td colspan="4" class="detailsBox">
                  <div id="com.test.regression.cub.testscripts.ShoppingLists_breakDown_byClass_PASS15_details"
                       class="testMethodDetails">
                     <div>
                        <b>Name: </b>breakDown
                     </div>
                     <div>
                        <b>Signature: </b>breakDown(org.testng.ITestResult)[pri:0, instance:com.test.regression.cub.testscripts.ShoppingLists@13a5fe33]
                     </div>
                     <div>
                        <b>Parameters: </b>
                        
                        [TestResult name=deleteItemFromSL status=SUCCESS method=ShoppingLists.deleteItemFromSL()[pri:0, instance:com.test.regression.cub.testscripts.ShoppingLists@13a5fe33]
                        output={null}]
                        
                        
                     </div>
                     <div>
                        <b>Start time: </b>15:06:36
                     </div>
                     <div>
                        <b>End time: </b>15:06:36
                     </div>
                     <div>
                        <b>Duration: </b>0 ms
                        
                     </div>
                  </div>
               </td>
            </tr>
            <tr></tr>
            <tr id="com.test.regression.cub.testscripts.ShoppingLists_closeDriver_byClass_PASS16_row"
                class="testMethodStatusPASS testMethodStatusCONF">
               <td width="100%" class="firstMethodCell">
                  <a onclick="toggleDetailsVisibility('com.test.regression.cub.testscripts.ShoppingLists_closeDriver_byClass_PASS16_details')">closeDriver(public void com.test.regression.cub.testscripts.ShoppingLists.deleteItemFromSL())</a>
               </td>
               <td nowrap="true">15:06:36</td>
               <td nowrap="true" align="right">3s
                  
               </td>
               <td nowrap="true">
                   
                  
               </td>
            </tr>
            <tr>
               <td colspan="4" class="detailsBox">
                  <div id="com.test.regression.cub.testscripts.ShoppingLists_closeDriver_byClass_PASS16_details"
                       class="testMethodDetails">
                     <div>
                        <b>Name: </b>closeDriver
                     </div>
                     <div>
                        <b>Signature: </b>closeDriver(java.lang.reflect.Method)[pri:0, instance:com.test.regression.cub.testscripts.ShoppingLists@13a5fe33]
                     </div>
                     <div>
                        <b>Parameters: </b>
                        
                        public void com.test.regression.cub.testscripts.ShoppingLists.deleteItemFromSL()
                        
                        
                     </div>
                     <div>
                        <b>Start time: </b>15:06:36
                     </div>
                     <div>
                        <b>End time: </b>15:06:40
                     </div>
                     <div>
                        <b>Duration: </b>3s
                        
                     </div>
                  </div>
               </td>
            </tr>
            <tr></tr>
            <tr id="com.test.regression.cub.testscripts.ShoppingLists_initialization_byClass_PASS17_row"
                class="testMethodStatusPASS testMethodStatusCONF">
               <td width="100%" class="firstMethodCell">
                  <a onclick="toggleDetailsVisibility('com.test.regression.cub.testscripts.ShoppingLists_initialization_byClass_PASS17_details')">initialization(public void com.test.regression.cub.testscripts.ShoppingLists.testClearList())</a>
               </td>
               <td nowrap="true">15:06:40</td>
               <td nowrap="true" align="right">17s
                  
               </td>
               <td nowrap="true">
                   
                  
               </td>
            </tr>
            <tr>
               <td colspan="4" class="detailsBox">
                  <div id="com.test.regression.cub.testscripts.ShoppingLists_initialization_byClass_PASS17_details"
                       class="testMethodDetails">
                     <div>
                        <b>Name: </b>initialization
                     </div>
                     <div>
                        <b>Signature: </b>initialization(java.lang.reflect.Method)[pri:0, instance:com.test.regression.cub.testscripts.ShoppingLists@13a5fe33]
                     </div>
                     <div>
                        <b>Parameters: </b>
                        
                        public void com.test.regression.cub.testscripts.ShoppingLists.testClearList()
                        
                        
                     </div>
                     <div>
                        <b>Start time: </b>15:06:40
                     </div>
                     <div>
                        <b>End time: </b>15:06:57
                     </div>
                     <div>
                        <b>Duration: </b>17s
                        
                     </div>
                  </div>
               </td>
            </tr>
            <tr></tr>
            <tr id="com.test.regression.cub.testscripts.ShoppingLists_testClearList_byClass_PASS18_row"
                class="testMethodStatusPASS">
               <td width="100%" class="firstMethodCell">
                  <a onclick="toggleDetailsVisibility('com.test.regression.cub.testscripts.ShoppingLists_testClearList_byClass_PASS18_details')">testClearList()</a>
               </td>
               <td nowrap="true">15:06:57</td>
               <td nowrap="true" align="right">1m
                  16s
                  
               </td>
               <td nowrap="true">
                   
                  
               </td>
            </tr>
            <tr>
               <td colspan="4" class="detailsBox">
                  <div id="com.test.regression.cub.testscripts.ShoppingLists_testClearList_byClass_PASS18_details"
                       class="testMethodDetails">
                     <div>
                        <b>Name: </b>testClearList
                     </div>
                     <div>
                        <b>Signature: </b>testClearList()[pri:0, instance:com.test.regression.cub.testscripts.ShoppingLists@13a5fe33]
                     </div>
                     <div>
                        <b>Start time: </b>15:06:57
                     </div>
                     <div>
                        <b>End time: </b>15:08:14
                     </div>
                     <div>
                        <b>Duration: </b>1m
                        16s
                        
                     </div>
                  </div>
               </td>
            </tr>
            <tr></tr>
            <tr id="com.test.regression.cub.testscripts.ShoppingLists_breakDown_byClass_PASS19_row"
                class="testMethodStatusPASS testMethodStatusCONF">
               <td width="100%" class="firstMethodCell">
                  <a onclick="toggleDetailsVisibility('com.test.regression.cub.testscripts.ShoppingLists_breakDown_byClass_PASS19_details')">breakDown([TestResult name=testClearList status=SUCCESS method=ShoppingLists.testClearList()[pri:0, instance:com.test.regression.cub.testscripts.ShoppingLists@13a5fe33]
                     output={null}])
                  </a>
               </td>
               <td nowrap="true">15:08:14</td>
               <td nowrap="true" align="right">0 ms
                  
               </td>
               <td nowrap="true">
                   
                  
               </td>
            </tr>
            <tr>
               <td colspan="4" class="detailsBox">
                  <div id="com.test.regression.cub.testscripts.ShoppingLists_breakDown_byClass_PASS19_details"
                       class="testMethodDetails">
                     <div>
                        <b>Name: </b>breakDown
                     </div>
                     <div>
                        <b>Signature: </b>breakDown(org.testng.ITestResult)[pri:0, instance:com.test.regression.cub.testscripts.ShoppingLists@13a5fe33]
                     </div>
                     <div>
                        <b>Parameters: </b>
                        
                        [TestResult name=testClearList status=SUCCESS method=ShoppingLists.testClearList()[pri:0, instance:com.test.regression.cub.testscripts.ShoppingLists@13a5fe33]
                        output={null}]
                        
                        
                     </div>
                     <div>
                        <b>Start time: </b>15:08:14
                     </div>
                     <div>
                        <b>End time: </b>15:08:14
                     </div>
                     <div>
                        <b>Duration: </b>0 ms
                        
                     </div>
                  </div>
               </td>
            </tr>
            <tr></tr>
            <tr id="com.test.regression.cub.testscripts.ShoppingLists_closeDriver_byClass_PASS20_row"
                class="testMethodStatusPASS testMethodStatusCONF">
               <td width="100%" class="firstMethodCell">
                  <a onclick="toggleDetailsVisibility('com.test.regression.cub.testscripts.ShoppingLists_closeDriver_byClass_PASS20_details')">closeDriver(public void com.test.regression.cub.testscripts.ShoppingLists.testClearList())</a>
               </td>
               <td nowrap="true">15:08:14</td>
               <td nowrap="true" align="right">3s
                  
               </td>
               <td nowrap="true">
                   
                  
               </td>
            </tr>
            <tr>
               <td colspan="4" class="detailsBox">
                  <div id="com.test.regression.cub.testscripts.ShoppingLists_closeDriver_byClass_PASS20_details"
                       class="testMethodDetails">
                     <div>
                        <b>Name: </b>closeDriver
                     </div>
                     <div>
                        <b>Signature: </b>closeDriver(java.lang.reflect.Method)[pri:0, instance:com.test.regression.cub.testscripts.ShoppingLists@13a5fe33]
                     </div>
                     <div>
                        <b>Parameters: </b>
                        
                        public void com.test.regression.cub.testscripts.ShoppingLists.testClearList()
                        
                        
                     </div>
                     <div>
                        <b>Start time: </b>15:08:14
                     </div>
                     <div>
                        <b>End time: </b>15:08:18
                     </div>
                     <div>
                        <b>Duration: </b>3s
                        
                     </div>
                  </div>
               </td>
            </tr>
            <tr></tr>
         </table>
         <br></br>
      </div>
      <div style="margin-top: 15px; color: gray; text-align: center; font-size: 9px;">
         Generated with
         
         <a href="http://code.google.com/p/testng-xslt/" style="color: #8888aa;"
            target="_blank">
            TestNG XSLT
            
         </a>
      </div>
   </body>
</html>